{"/Users/jennyjing/Documents/ADA/Capstone/skill_swap_frontend/src/App.jsx": {"path":"/Users/jennyjing/Documents/ADA/Capstone/skill_swap_frontend/src/App.jsx","statementMap":{"0":{"start":{"line":9,"column":23},"end":{"line":9,"column":79}},"1":{"start":{"line":13,"column":19},"end":{"line":43,"column":1}},"2":{"start":{"line":14,"column":40},"end":{"line":14,"column":59}},"3":{"start":{"line":15,"column":38},"end":{"line":15,"column":52}},"4":{"start":{"line":16,"column":34},"end":{"line":16,"column":43}},"5":{"start":{"line":19,"column":21},"end":{"line":35,"column":3}},"6":{"start":{"line":20,"column":4},"end":{"line":34,"column":5}},"7":{"start":{"line":22,"column":8},"end":{"line":22,"column":59}},"8":{"start":{"line":24,"column":8},"end":{"line":24,"column":59}},"9":{"start":{"line":26,"column":8},"end":{"line":31,"column":11}},"10":{"start":{"line":33,"column":8},"end":{"line":33,"column":59}},"11":{"start":{"line":37,"column":2},"end":{"line":42,"column":4}},"12":{"start":{"line":45,"column":12},"end":{"line":51,"column":1}},"13":{"start":{"line":46,"column":2},"end":{"line":50,"column":4}}},"fnMap":{"0":{"name":"(anonymous_0)","decl":{"start":{"line":13,"column":19},"end":{"line":13,"column":20}},"loc":{"start":{"line":13,"column":25},"end":{"line":43,"column":1}},"line":13},"1":{"name":"(anonymous_1)","decl":{"start":{"line":19,"column":21},"end":{"line":19,"column":22}},"loc":{"start":{"line":19,"column":27},"end":{"line":35,"column":3}},"line":19},"2":{"name":"(anonymous_2)","decl":{"start":{"line":45,"column":12},"end":{"line":45,"column":13}},"loc":{"start":{"line":45,"column":18},"end":{"line":51,"column":1}},"line":45}},"branchMap":{"0":{"loc":{"start":{"line":9,"column":23},"end":{"line":9,"column":79}},"type":"binary-expr","locations":[{"start":{"line":9,"column":23},"end":{"line":9,"column":52}},{"start":{"line":9,"column":56},"end":{"line":9,"column":79}}],"line":9},"1":{"loc":{"start":{"line":20,"column":4},"end":{"line":34,"column":5}},"type":"switch","locations":[{"start":{"line":21,"column":6},"end":{"line":22,"column":59}},{"start":{"line":23,"column":6},"end":{"line":24,"column":59}},{"start":{"line":25,"column":6},"end":{"line":31,"column":11}},{"start":{"line":32,"column":6},"end":{"line":33,"column":59}}],"line":20}},"s":{"0":3,"1":3,"2":16,"3":15,"4":15,"5":15,"6":15,"7":8,"8":4,"9":3,"10":0,"11":15,"12":3,"13":9},"f":{"0":16,"1":15,"2":9},"b":{"0":[3,0],"1":[8,4,3,0]},"_coverageSchema":"1a1c01bbd47fc00a2c39e90264f33305004495a9","hash":"a4234e32ca0f974cbea56764694e5d633fa0b89f"}
,"/Users/jennyjing/Documents/ADA/Capstone/skill_swap_frontend/src/index.jsx": {"path":"/Users/jennyjing/Documents/ADA/Capstone/skill_swap_frontend/src/index.jsx","statementMap":{"0":{"start":{"line":6,"column":13},"end":{"line":6,"column":65}},"1":{"start":{"line":7,"column":0},"end":{"line":11,"column":2}}},"fnMap":{},"branchMap":{},"s":{"0":0,"1":0},"f":{},"b":{}}
,"/Users/jennyjing/Documents/ADA/Capstone/skill_swap_frontend/src/components/AuthModal/AuthModal.jsx": {"path":"/Users/jennyjing/Documents/ADA/Capstone/skill_swap_frontend/src/components/AuthModal/AuthModal.jsx","statementMap":{"0":{"start":{"line":5,"column":18},"end":{"line":124,"column":1}},"1":{"start":{"line":6,"column":32},"end":{"line":6,"column":46}},"2":{"start":{"line":7,"column":34},"end":{"line":10,"column":4}},"3":{"start":{"line":11,"column":28},"end":{"line":11,"column":40}},"4":{"start":{"line":12,"column":32},"end":{"line":12,"column":47}},"5":{"start":{"line":14,"column":28},"end":{"line":14,"column":37}},"6":{"start":{"line":16,"column":23},"end":{"line":22,"column":3}},"7":{"start":{"line":17,"column":4},"end":{"line":20,"column":7}},"8":{"start":{"line":21,"column":4},"end":{"line":21,"column":17}},"9":{"start":{"line":24,"column":23},"end":{"line":57,"column":3}},"10":{"start":{"line":25,"column":4},"end":{"line":25,"column":23}},"11":{"start":{"line":26,"column":4},"end":{"line":26,"column":21}},"12":{"start":{"line":27,"column":4},"end":{"line":27,"column":17}},"13":{"start":{"line":30,"column":4},"end":{"line":34,"column":5}},"14":{"start":{"line":31,"column":6},"end":{"line":31,"column":44}},"15":{"start":{"line":32,"column":6},"end":{"line":32,"column":24}},"16":{"start":{"line":33,"column":6},"end":{"line":33,"column":13}},"17":{"start":{"line":38,"column":4},"end":{"line":56,"column":5}},"18":{"start":{"line":40,"column":6},"end":{"line":44,"column":7}},"19":{"start":{"line":41,"column":8},"end":{"line":41,"column":64}},"20":{"start":{"line":43,"column":8},"end":{"line":43,"column":65}},"21":{"start":{"line":46,"column":6},"end":{"line":51,"column":7}},"22":{"start":{"line":47,"column":8},"end":{"line":47,"column":18}},"23":{"start":{"line":48,"column":8},"end":{"line":48,"column":49}},"24":{"start":{"line":50,"column":8},"end":{"line":50,"column":31}},"25":{"start":{"line":53,"column":6},"end":{"line":53,"column":47}},"26":{"start":{"line":55,"column":6},"end":{"line":55,"column":24}},"27":{"start":{"line":59,"column":21},"end":{"line":63,"column":3}},"28":{"start":{"line":60,"column":4},"end":{"line":60,"column":25}},"29":{"start":{"line":61,"column":4},"end":{"line":61,"column":17}},"30":{"start":{"line":62,"column":4},"end":{"line":62,"column":45}},"31":{"start":{"line":65,"column":2},"end":{"line":65,"column":27}},"32":{"start":{"line":65,"column":15},"end":{"line":65,"column":27}},"33":{"start":{"line":67,"column":2},"end":{"line":123,"column":4}},"34":{"start":{"line":69,"column":50},"end":{"line":69,"column":69}}},"fnMap":{"0":{"name":"(anonymous_0)","decl":{"start":{"line":5,"column":18},"end":{"line":5,"column":19}},"loc":{"start":{"line":5,"column":43},"end":{"line":124,"column":1}},"line":5},"1":{"name":"(anonymous_1)","decl":{"start":{"line":16,"column":23},"end":{"line":16,"column":24}},"loc":{"start":{"line":16,"column":30},"end":{"line":22,"column":3}},"line":16},"2":{"name":"(anonymous_2)","decl":{"start":{"line":24,"column":23},"end":{"line":24,"column":24}},"loc":{"start":{"line":24,"column":36},"end":{"line":57,"column":3}},"line":24},"3":{"name":"(anonymous_3)","decl":{"start":{"line":59,"column":21},"end":{"line":59,"column":22}},"loc":{"start":{"line":59,"column":27},"end":{"line":63,"column":3}},"line":59},"4":{"name":"(anonymous_4)","decl":{"start":{"line":69,"column":43},"end":{"line":69,"column":44}},"loc":{"start":{"line":69,"column":50},"end":{"line":69,"column":69}},"line":69}},"branchMap":{"0":{"loc":{"start":{"line":30,"column":4},"end":{"line":34,"column":5}},"type":"if","locations":[{"start":{"line":30,"column":4},"end":{"line":34,"column":5}},{"start":{},"end":{}}],"line":30},"1":{"loc":{"start":{"line":30,"column":8},"end":{"line":30,"column":45}},"type":"binary-expr","locations":[{"start":{"line":30,"column":8},"end":{"line":30,"column":23}},{"start":{"line":30,"column":27},"end":{"line":30,"column":45}}],"line":30},"2":{"loc":{"start":{"line":40,"column":6},"end":{"line":44,"column":7}},"type":"if","locations":[{"start":{"line":40,"column":6},"end":{"line":44,"column":7}},{"start":{"line":42,"column":13},"end":{"line":44,"column":7}}],"line":40},"3":{"loc":{"start":{"line":46,"column":6},"end":{"line":51,"column":7}},"type":"if","locations":[{"start":{"line":46,"column":6},"end":{"line":51,"column":7}},{"start":{"line":49,"column":13},"end":{"line":51,"column":7}}],"line":46},"4":{"loc":{"start":{"line":65,"column":2},"end":{"line":65,"column":27}},"type":"if","locations":[{"start":{"line":65,"column":2},"end":{"line":65,"column":27}},{"start":{},"end":{}}],"line":65},"5":{"loc":{"start":{"line":73,"column":15},"end":{"line":73,"column":59}},"type":"cond-expr","locations":[{"start":{"line":73,"column":25},"end":{"line":73,"column":40}},{"start":{"line":73,"column":43},"end":{"line":73,"column":59}}],"line":73},"6":{"loc":{"start":{"line":74,"column":14},"end":{"line":74,"column":91}},"type":"cond-expr","locations":[{"start":{"line":74,"column":24},"end":{"line":74,"column":49}},{"start":{"line":74,"column":52},"end":{"line":74,"column":91}}],"line":74},"7":{"loc":{"start":{"line":78,"column":11},"end":{"line":78,"column":61}},"type":"binary-expr","locations":[{"start":{"line":78,"column":11},"end":{"line":78,"column":16}},{"start":{"line":78,"column":20},"end":{"line":78,"column":61}}],"line":78},"8":{"loc":{"start":{"line":109,"column":13},"end":{"line":109,"column":71}},"type":"cond-expr","locations":[{"start":{"line":109,"column":23},"end":{"line":109,"column":35}},{"start":{"line":109,"column":39},"end":{"line":109,"column":70}}],"line":109},"9":{"loc":{"start":{"line":109,"column":39},"end":{"line":109,"column":70}},"type":"cond-expr","locations":[{"start":{"line":109,"column":49},"end":{"line":109,"column":58}},{"start":{"line":109,"column":61},"end":{"line":109,"column":70}}],"line":109},"10":{"loc":{"start":{"line":115,"column":13},"end":{"line":115,"column":78}},"type":"cond-expr","locations":[{"start":{"line":115,"column":23},"end":{"line":115,"column":48}},{"start":{"line":115,"column":51},"end":{"line":115,"column":78}}],"line":115},"11":{"loc":{"start":{"line":117,"column":15},"end":{"line":117,"column":46}},"type":"cond-expr","locations":[{"start":{"line":117,"column":25},"end":{"line":117,"column":34}},{"start":{"line":117,"column":37},"end":{"line":117,"column":46}}],"line":117}},"s":{"0":3,"1":8,"2":8,"3":8,"4":8,"5":8,"6":8,"7":0,"8":0,"9":8,"10":0,"11":0,"12":0,"13":0,"14":0,"15":0,"16":0,"17":0,"18":0,"19":0,"20":0,"21":0,"22":0,"23":0,"24":0,"25":0,"26":0,"27":8,"28":0,"29":0,"30":0,"31":8,"32":8,"33":0,"34":0},"f":{"0":8,"1":0,"2":0,"3":0,"4":0},"b":{"0":[0,0],"1":[0,0],"2":[0,0],"3":[0,0],"4":[8,0],"5":[0,0],"6":[0,0],"7":[0,0],"8":[0,0],"9":[0,0],"10":[0,0],"11":[0,0]},"_coverageSchema":"1a1c01bbd47fc00a2c39e90264f33305004495a9","hash":"e7e07a77f24ca9796da63852a96b3d2e817ceac1"}
,"/Users/jennyjing/Documents/ADA/Capstone/skill_swap_frontend/src/components/LandingPage/LandingPage.jsx": {"path":"/Users/jennyjing/Documents/ADA/Capstone/skill_swap_frontend/src/components/LandingPage/LandingPage.jsx","statementMap":{"0":{"start":{"line":7,"column":20},"end":{"line":111,"column":1}},"1":{"start":{"line":8,"column":44},"end":{"line":8,"column":59}},"2":{"start":{"line":9,"column":34},"end":{"line":9,"column":43}},"3":{"start":{"line":11,"column":26},"end":{"line":19,"column":3}},"4":{"start":{"line":12,"column":4},"end":{"line":18,"column":5}},"5":{"start":{"line":14,"column":6},"end":{"line":14,"column":28}},"6":{"start":{"line":17,"column":6},"end":{"line":17,"column":29}},"7":{"start":{"line":21,"column":23},"end":{"line":23,"column":3}},"8":{"start":{"line":22,"column":4},"end":{"line":22,"column":13}},"9":{"start":{"line":25,"column":2},"end":{"line":110,"column":4}},"10":{"start":{"line":107,"column":23},"end":{"line":107,"column":46}}},"fnMap":{"0":{"name":"(anonymous_0)","decl":{"start":{"line":7,"column":20},"end":{"line":7,"column":21}},"loc":{"start":{"line":7,"column":40},"end":{"line":111,"column":1}},"line":7},"1":{"name":"(anonymous_1)","decl":{"start":{"line":11,"column":26},"end":{"line":11,"column":27}},"loc":{"start":{"line":11,"column":32},"end":{"line":19,"column":3}},"line":11},"2":{"name":"(anonymous_2)","decl":{"start":{"line":21,"column":23},"end":{"line":21,"column":24}},"loc":{"start":{"line":21,"column":29},"end":{"line":23,"column":3}},"line":21},"3":{"name":"(anonymous_3)","decl":{"start":{"line":107,"column":17},"end":{"line":107,"column":18}},"loc":{"start":{"line":107,"column":23},"end":{"line":107,"column":46}},"line":107}},"branchMap":{"0":{"loc":{"start":{"line":12,"column":4},"end":{"line":18,"column":5}},"type":"if","locations":[{"start":{"line":12,"column":4},"end":{"line":18,"column":5}},{"start":{"line":15,"column":11},"end":{"line":18,"column":5}}],"line":12},"1":{"loc":{"start":{"line":36,"column":13},"end":{"line":44,"column":13}},"type":"cond-expr","locations":[{"start":{"line":37,"column":14},"end":{"line":39,"column":23}},{"start":{"line":41,"column":14},"end":{"line":43,"column":23}}],"line":36}},"s":{"0":3,"1":8,"2":8,"3":8,"4":0,"5":0,"6":0,"7":8,"8":0,"9":8,"10":0},"f":{"0":8,"1":0,"2":0,"3":0},"b":{"0":[0,0],"1":[7,1]},"_coverageSchema":"1a1c01bbd47fc00a2c39e90264f33305004495a9","hash":"3ca9d2ede5c39944b7aead312d5ba76ab9c67606"}
,"/Users/jennyjing/Documents/ADA/Capstone/skill_swap_frontend/src/components/MatchCard/MatchCard.jsx": {"path":"/Users/jennyjing/Documents/ADA/Capstone/skill_swap_frontend/src/components/MatchCard/MatchCard.jsx","statementMap":{"0":{"start":{"line":6,"column":18},"end":{"line":47,"column":1}},"1":{"start":{"line":7,"column":22},"end":{"line":15,"column":3}},"2":{"start":{"line":8,"column":4},"end":{"line":10,"column":5}},"3":{"start":{"line":9,"column":6},"end":{"line":9,"column":29}},"4":{"start":{"line":11,"column":4},"end":{"line":13,"column":5}},"5":{"start":{"line":12,"column":6},"end":{"line":12,"column":28}},"6":{"start":{"line":14,"column":4},"end":{"line":14,"column":41}},"7":{"start":{"line":17,"column":2},"end":{"line":46,"column":2}},"8":{"start":{"line":26,"column":86},"end":{"line":26,"column":122}},"9":{"start":{"line":41,"column":10},"end":{"line":41,"column":110}},"10":{"start":{"line":44,"column":48},"end":{"line":44,"column":60}}},"fnMap":{"0":{"name":"(anonymous_0)","decl":{"start":{"line":6,"column":18},"end":{"line":6,"column":19}},"loc":{"start":{"line":6,"column":55},"end":{"line":47,"column":1}},"line":6},"1":{"name":"(anonymous_1)","decl":{"start":{"line":7,"column":22},"end":{"line":7,"column":23}},"loc":{"start":{"line":7,"column":28},"end":{"line":15,"column":3}},"line":7},"2":{"name":"(anonymous_2)","decl":{"start":{"line":26,"column":80},"end":{"line":26,"column":81}},"loc":{"start":{"line":26,"column":86},"end":{"line":26,"column":122}},"line":26},"3":{"name":"(anonymous_3)","decl":{"start":{"line":40,"column":37},"end":{"line":40,"column":38}},"loc":{"start":{"line":41,"column":10},"end":{"line":41,"column":110}},"line":41},"4":{"name":"(anonymous_4)","decl":{"start":{"line":44,"column":42},"end":{"line":44,"column":43}},"loc":{"start":{"line":44,"column":48},"end":{"line":44,"column":60}},"line":44}},"branchMap":{"0":{"loc":{"start":{"line":8,"column":4},"end":{"line":10,"column":5}},"type":"if","locations":[{"start":{"line":8,"column":4},"end":{"line":10,"column":5}},{"start":{},"end":{}}],"line":8},"1":{"loc":{"start":{"line":11,"column":4},"end":{"line":13,"column":5}},"type":"if","locations":[{"start":{"line":11,"column":4},"end":{"line":13,"column":5}},{"start":{},"end":{}}],"line":11},"2":{"loc":{"start":{"line":22,"column":15},"end":{"line":22,"column":51}},"type":"binary-expr","locations":[{"start":{"line":22,"column":15},"end":{"line":22,"column":28}},{"start":{"line":22,"column":32},"end":{"line":22,"column":41}},{"start":{"line":22,"column":45},"end":{"line":22,"column":51}}],"line":22},"3":{"loc":{"start":{"line":26,"column":86},"end":{"line":26,"column":122}},"type":"binary-expr","locations":[{"start":{"line":26,"column":86},"end":{"line":26,"column":99}},{"start":{"line":26,"column":103},"end":{"line":26,"column":122}}],"line":26},"4":{"loc":{"start":{"line":27,"column":9},"end":{"line":27,"column":50}},"type":"binary-expr","locations":[{"start":{"line":27,"column":9},"end":{"line":27,"column":22}},{"start":{"line":27,"column":26},"end":{"line":27,"column":35}},{"start":{"line":27,"column":39},"end":{"line":27,"column":50}}],"line":27},"5":{"loc":{"start":{"line":33,"column":31},"end":{"line":33,"column":75}},"type":"binary-expr","locations":[{"start":{"line":33,"column":31},"end":{"line":33,"column":56}},{"start":{"line":33,"column":60},"end":{"line":33,"column":75}}],"line":33},"6":{"loc":{"start":{"line":36,"column":32},"end":{"line":36,"column":75}},"type":"binary-expr","locations":[{"start":{"line":36,"column":32},"end":{"line":36,"column":56}},{"start":{"line":36,"column":60},"end":{"line":36,"column":75}}],"line":36},"7":{"loc":{"start":{"line":41,"column":35},"end":{"line":41,"column":100}},"type":"cond-expr","locations":[{"start":{"line":41,"column":78},"end":{"line":41,"column":91}},{"start":{"line":41,"column":94},"end":{"line":41,"column":100}}],"line":41},"8":{"loc":{"start":{"line":41,"column":50},"end":{"line":41,"column":74}},"type":"binary-expr","locations":[{"start":{"line":41,"column":50},"end":{"line":41,"column":69}},{"start":{"line":41,"column":73},"end":{"line":41,"column":74}}],"line":41}},"s":{"0":3,"1":5,"2":5,"3":5,"4":0,"5":0,"6":0,"7":5,"8":1,"9":25,"10":1},"f":{"0":5,"1":5,"2":1,"3":25,"4":1},"b":{"0":[5,0],"1":[0,0],"2":[5,0,0],"3":[1,1],"4":[5,0,0],"5":[5,0],"6":[5,0],"7":[24,1],"8":[25,0]},"_coverageSchema":"1a1c01bbd47fc00a2c39e90264f33305004495a9","hash":"e223a2085c50a6c97ab9d059c4679370b3fd21e1"}
,"/Users/jennyjing/Documents/ADA/Capstone/skill_swap_frontend/src/components/MatchSuggestionsPage/MatchingSuggestions.jsx": {"path":"/Users/jennyjing/Documents/ADA/Capstone/skill_swap_frontend/src/components/MatchSuggestionsPage/MatchingSuggestions.jsx","statementMap":{"0":{"start":{"line":7,"column":23},"end":{"line":7,"column":24}},"1":{"start":{"line":9,"column":29},"end":{"line":221,"column":1}},"2":{"start":{"line":15,"column":32},"end":{"line":15,"column":44}},"3":{"start":{"line":16,"column":32},"end":{"line":16,"column":47}},"4":{"start":{"line":17,"column":34},"end":{"line":17,"column":45}},"5":{"start":{"line":18,"column":42},"end":{"line":18,"column":53}},"6":{"start":{"line":19,"column":56},"end":{"line":19,"column":68}},"7":{"start":{"line":20,"column":44},"end":{"line":20,"column":56}},"8":{"start":{"line":21,"column":44},"end":{"line":21,"column":56}},"9":{"start":{"line":22,"column":34},"end":{"line":22,"column":48}},"10":{"start":{"line":24,"column":2},"end":{"line":73,"column":13}},"11":{"start":{"line":25,"column":4},"end":{"line":72,"column":5}},"12":{"start":{"line":26,"column":6},"end":{"line":26,"column":23}},"13":{"start":{"line":29,"column":41},"end":{"line":62,"column":7}},"14":{"start":{"line":30,"column":8},"end":{"line":61,"column":9}},"15":{"start":{"line":32,"column":34},"end":{"line":32,"column":79}},"16":{"start":{"line":33,"column":30},"end":{"line":33,"column":58}},"17":{"start":{"line":36,"column":10},"end":{"line":38,"column":11}},"18":{"start":{"line":37,"column":12},"end":{"line":37,"column":61}},"19":{"start":{"line":41,"column":34},"end":{"line":41,"column":78}},"20":{"start":{"line":42,"column":23},"end":{"line":42,"column":51}},"21":{"start":{"line":45,"column":31},"end":{"line":45,"column":76}},"22":{"start":{"line":45,"column":65},"end":{"line":45,"column":75}},"23":{"start":{"line":46,"column":10},"end":{"line":46,"column":35}},"24":{"start":{"line":47,"column":10},"end":{"line":47,"column":50}},"25":{"start":{"line":48,"column":29},"end":{"line":48,"column":59}},"26":{"start":{"line":49,"column":10},"end":{"line":49,"column":45}},"27":{"start":{"line":51,"column":10},"end":{"line":51,"column":39}},"28":{"start":{"line":54,"column":10},"end":{"line":54,"column":74}},"29":{"start":{"line":55,"column":10},"end":{"line":55,"column":25}},"30":{"start":{"line":56,"column":10},"end":{"line":56,"column":29}},"31":{"start":{"line":57,"column":10},"end":{"line":57,"column":37}},"32":{"start":{"line":58,"column":10},"end":{"line":58,"column":31}},"33":{"start":{"line":60,"column":10},"end":{"line":60,"column":28}},"34":{"start":{"line":64,"column":6},"end":{"line":64,"column":35}},"35":{"start":{"line":67,"column":6},"end":{"line":67,"column":21}},"36":{"start":{"line":68,"column":6},"end":{"line":68,"column":25}},"37":{"start":{"line":69,"column":6},"end":{"line":69,"column":33}},"38":{"start":{"line":70,"column":6},"end":{"line":70,"column":27}},"39":{"start":{"line":71,"column":6},"end":{"line":71,"column":24}},"40":{"start":{"line":78,"column":23},"end":{"line":85,"column":3}},"41":{"start":{"line":79,"column":4},"end":{"line":83,"column":6}},"42":{"start":{"line":80,"column":6},"end":{"line":82,"column":24}},"43":{"start":{"line":81,"column":27},"end":{"line":81,"column":36}},"44":{"start":{"line":84,"column":4},"end":{"line":84,"column":19}},"45":{"start":{"line":88,"column":26},"end":{"line":98,"column":8}},"46":{"start":{"line":93,"column":30},"end":{"line":93,"column":56}},"47":{"start":{"line":94,"column":29},"end":{"line":94,"column":54}},"48":{"start":{"line":95,"column":28},"end":{"line":95,"column":63}},"49":{"start":{"line":96,"column":25},"end":{"line":96,"column":83}},"50":{"start":{"line":96,"column":54},"end":{"line":96,"column":82}},"51":{"start":{"line":97,"column":8},"end":{"line":97,"column":24}},"52":{"start":{"line":100,"column":21},"end":{"line":102,"column":3}},"53":{"start":{"line":101,"column":4},"end":{"line":101,"column":62}},"54":{"start":{"line":101,"column":26},"end":{"line":101,"column":60}},"55":{"start":{"line":104,"column":21},"end":{"line":108,"column":3}},"56":{"start":{"line":105,"column":4},"end":{"line":107,"column":6}},"57":{"start":{"line":106,"column":6},"end":{"line":106,"column":86}},"58":{"start":{"line":110,"column":25},"end":{"line":110,"column":91}},"59":{"start":{"line":112,"column":2},"end":{"line":114,"column":3}},"60":{"start":{"line":113,"column":4},"end":{"line":113,"column":73}},"61":{"start":{"line":116,"column":2},"end":{"line":128,"column":3}},"62":{"start":{"line":117,"column":4},"end":{"line":127,"column":6}},"63":{"start":{"line":120,"column":25},"end":{"line":120,"column":44}},"64":{"start":{"line":131,"column":19},"end":{"line":149,"column":3}},"65":{"start":{"line":132,"column":4},"end":{"line":148,"column":10}},"66":{"start":{"line":133,"column":49},"end":{"line":133,"column":68}},"67":{"start":{"line":151,"column":2},"end":{"line":220,"column":5}},"68":{"start":{"line":166,"column":14},"end":{"line":172,"column":23}},"69":{"start":{"line":169,"column":31},"end":{"line":169,"column":48}},"70":{"start":{"line":194,"column":12},"end":{"line":199,"column":14}},"71":{"start":{"line":197,"column":28},"end":{"line":197,"column":45}},"72":{"start":{"line":217,"column":50},"end":{"line":217,"column":67}}},"fnMap":{"0":{"name":"(anonymous_0)","decl":{"start":{"line":9,"column":29},"end":{"line":9,"column":30}},"loc":{"start":{"line":14,"column":6},"end":{"line":221,"column":1}},"line":14},"1":{"name":"(anonymous_1)","decl":{"start":{"line":24,"column":12},"end":{"line":24,"column":13}},"loc":{"start":{"line":24,"column":18},"end":{"line":73,"column":3}},"line":24},"2":{"name":"(anonymous_2)","decl":{"start":{"line":29,"column":41},"end":{"line":29,"column":42}},"loc":{"start":{"line":29,"column":53},"end":{"line":62,"column":7}},"line":29},"3":{"name":"(anonymous_3)","decl":{"start":{"line":45,"column":56},"end":{"line":45,"column":57}},"loc":{"start":{"line":45,"column":65},"end":{"line":45,"column":75}},"line":45},"4":{"name":"(anonymous_4)","decl":{"start":{"line":78,"column":23},"end":{"line":78,"column":24}},"loc":{"start":{"line":78,"column":32},"end":{"line":85,"column":3}},"line":78},"5":{"name":"(anonymous_5)","decl":{"start":{"line":79,"column":21},"end":{"line":79,"column":22}},"loc":{"start":{"line":80,"column":6},"end":{"line":82,"column":24}},"line":80},"6":{"name":"(anonymous_6)","decl":{"start":{"line":81,"column":22},"end":{"line":81,"column":23}},"loc":{"start":{"line":81,"column":27},"end":{"line":81,"column":36}},"line":81},"7":{"name":"(anonymous_7)","decl":{"start":{"line":92,"column":21},"end":{"line":92,"column":22}},"loc":{"start":{"line":92,"column":29},"end":{"line":98,"column":7}},"line":92},"8":{"name":"(anonymous_8)","decl":{"start":{"line":96,"column":44},"end":{"line":96,"column":45}},"loc":{"start":{"line":96,"column":54},"end":{"line":96,"column":82}},"line":96},"9":{"name":"(anonymous_9)","decl":{"start":{"line":100,"column":21},"end":{"line":100,"column":22}},"loc":{"start":{"line":100,"column":27},"end":{"line":102,"column":3}},"line":100},"10":{"name":"(anonymous_10)","decl":{"start":{"line":101,"column":16},"end":{"line":101,"column":17}},"loc":{"start":{"line":101,"column":26},"end":{"line":101,"column":60}},"line":101},"11":{"name":"(anonymous_11)","decl":{"start":{"line":104,"column":21},"end":{"line":104,"column":22}},"loc":{"start":{"line":104,"column":27},"end":{"line":108,"column":3}},"line":104},"12":{"name":"(anonymous_12)","decl":{"start":{"line":105,"column":16},"end":{"line":105,"column":17}},"loc":{"start":{"line":106,"column":6},"end":{"line":106,"column":86}},"line":106},"13":{"name":"(anonymous_13)","decl":{"start":{"line":120,"column":19},"end":{"line":120,"column":20}},"loc":{"start":{"line":120,"column":25},"end":{"line":120,"column":44}},"line":120},"14":{"name":"(anonymous_14)","decl":{"start":{"line":131,"column":19},"end":{"line":131,"column":20}},"loc":{"start":{"line":132,"column":4},"end":{"line":148,"column":10}},"line":132},"15":{"name":"(anonymous_15)","decl":{"start":{"line":133,"column":42},"end":{"line":133,"column":43}},"loc":{"start":{"line":133,"column":49},"end":{"line":133,"column":68}},"line":133},"16":{"name":"(anonymous_16)","decl":{"start":{"line":165,"column":37},"end":{"line":165,"column":38}},"loc":{"start":{"line":166,"column":14},"end":{"line":172,"column":23}},"line":166},"17":{"name":"(anonymous_17)","decl":{"start":{"line":169,"column":25},"end":{"line":169,"column":26}},"loc":{"start":{"line":169,"column":31},"end":{"line":169,"column":48}},"line":169},"18":{"name":"(anonymous_18)","decl":{"start":{"line":193,"column":29},"end":{"line":193,"column":30}},"loc":{"start":{"line":194,"column":12},"end":{"line":199,"column":14}},"line":194},"19":{"name":"(anonymous_19)","decl":{"start":{"line":197,"column":22},"end":{"line":197,"column":23}},"loc":{"start":{"line":197,"column":28},"end":{"line":197,"column":45}},"line":197},"20":{"name":"(anonymous_20)","decl":{"start":{"line":217,"column":44},"end":{"line":217,"column":45}},"loc":{"start":{"line":217,"column":50},"end":{"line":217,"column":67}},"line":217}},"branchMap":{"0":{"loc":{"start":{"line":25,"column":4},"end":{"line":72,"column":5}},"type":"if","locations":[{"start":{"line":25,"column":4},"end":{"line":72,"column":5}},{"start":{"line":65,"column":11},"end":{"line":72,"column":5}}],"line":25},"1":{"loc":{"start":{"line":25,"column":8},"end":{"line":25,"column":23}},"type":"binary-expr","locations":[{"start":{"line":25,"column":8},"end":{"line":25,"column":12}},{"start":{"line":25,"column":16},"end":{"line":25,"column":23}}],"line":25},"2":{"loc":{"start":{"line":36,"column":10},"end":{"line":38,"column":11}},"type":"if","locations":[{"start":{"line":36,"column":10},"end":{"line":38,"column":11}},{"start":{},"end":{}}],"line":36},"3":{"loc":{"start":{"line":45,"column":32},"end":{"line":45,"column":50}},"type":"binary-expr","locations":[{"start":{"line":45,"column":32},"end":{"line":45,"column":44}},{"start":{"line":45,"column":48},"end":{"line":45,"column":50}}],"line":45},"4":{"loc":{"start":{"line":47,"column":26},"end":{"line":47,"column":48}},"type":"binary-expr","locations":[{"start":{"line":47,"column":26},"end":{"line":47,"column":43}},{"start":{"line":47,"column":47},"end":{"line":47,"column":48}}],"line":47},"5":{"loc":{"start":{"line":48,"column":29},"end":{"line":48,"column":59}},"type":"binary-expr","locations":[{"start":{"line":48,"column":29},"end":{"line":48,"column":53}},{"start":{"line":48,"column":57},"end":{"line":48,"column":59}}],"line":48},"6":{"loc":{"start":{"line":80,"column":6},"end":{"line":82,"column":24}},"type":"cond-expr","locations":[{"start":{"line":81,"column":10},"end":{"line":81,"column":37}},{"start":{"line":82,"column":10},"end":{"line":82,"column":24}}],"line":80},"7":{"loc":{"start":{"line":88,"column":26},"end":{"line":98,"column":8}},"type":"cond-expr","locations":[{"start":{"line":89,"column":6},"end":{"line":89,"column":13}},{"start":{"line":90,"column":6},"end":{"line":98,"column":8}}],"line":88},"8":{"loc":{"start":{"line":90,"column":6},"end":{"line":98,"column":8}},"type":"cond-expr","locations":[{"start":{"line":91,"column":6},"end":{"line":91,"column":13}},{"start":{"line":92,"column":6},"end":{"line":98,"column":8}}],"line":90},"9":{"loc":{"start":{"line":93,"column":30},"end":{"line":93,"column":56}},"type":"binary-expr","locations":[{"start":{"line":93,"column":30},"end":{"line":93,"column":50}},{"start":{"line":93,"column":54},"end":{"line":93,"column":56}}],"line":93},"10":{"loc":{"start":{"line":94,"column":29},"end":{"line":94,"column":54}},"type":"binary-expr","locations":[{"start":{"line":94,"column":29},"end":{"line":94,"column":48}},{"start":{"line":94,"column":52},"end":{"line":94,"column":54}}],"line":94},"11":{"loc":{"start":{"line":106,"column":39},"end":{"line":106,"column":60}},"type":"binary-expr","locations":[{"start":{"line":106,"column":39},"end":{"line":106,"column":54}},{"start":{"line":106,"column":58},"end":{"line":106,"column":60}}],"line":106},"12":{"loc":{"start":{"line":110,"column":26},"end":{"line":110,"column":47}},"type":"binary-expr","locations":[{"start":{"line":110,"column":26},"end":{"line":110,"column":41}},{"start":{"line":110,"column":45},"end":{"line":110,"column":47}}],"line":110},"13":{"loc":{"start":{"line":112,"column":2},"end":{"line":114,"column":3}},"type":"if","locations":[{"start":{"line":112,"column":2},"end":{"line":114,"column":3}},{"start":{},"end":{}}],"line":112},"14":{"loc":{"start":{"line":116,"column":2},"end":{"line":128,"column":3}},"type":"if","locations":[{"start":{"line":116,"column":2},"end":{"line":128,"column":3}},{"start":{},"end":{}}],"line":116},"15":{"loc":{"start":{"line":140,"column":37},"end":{"line":140,"column":72}},"type":"binary-expr","locations":[{"start":{"line":140,"column":37},"end":{"line":140,"column":47}},{"start":{"line":140,"column":51},"end":{"line":140,"column":72}}],"line":140},"16":{"loc":{"start":{"line":157,"column":9},"end":{"line":162,"column":9}},"type":"binary-expr","locations":[{"start":{"line":157,"column":9},"end":{"line":157,"column":22}},{"start":{"line":158,"column":10},"end":{"line":161,"column":14}}],"line":157},"17":{"loc":{"start":{"line":163,"column":9},"end":{"line":175,"column":9}},"type":"binary-expr","locations":[{"start":{"line":163,"column":9},"end":{"line":163,"column":39}},{"start":{"line":164,"column":10},"end":{"line":174,"column":16}}],"line":163},"18":{"loc":{"start":{"line":168,"column":41},"end":{"line":168,"column":84}},"type":"cond-expr","locations":[{"start":{"line":168,"column":71},"end":{"line":168,"column":79}},{"start":{"line":168,"column":82},"end":{"line":168,"column":84}}],"line":168},"19":{"loc":{"start":{"line":177,"column":11},"end":{"line":179,"column":155}},"type":"cond-expr","locations":[{"start":{"line":178,"column":14},"end":{"line":178,"column":114}},{"start":{"line":179,"column":14},"end":{"line":179,"column":155}}],"line":177},"20":{"loc":{"start":{"line":177,"column":11},"end":{"line":177,"column":92}},"type":"binary-expr","locations":[{"start":{"line":177,"column":11},"end":{"line":177,"column":37}},{"start":{"line":177,"column":41},"end":{"line":177,"column":92}}],"line":177},"21":{"loc":{"start":{"line":178,"column":70},"end":{"line":178,"column":110}},"type":"cond-expr","locations":[{"start":{"line":178,"column":91},"end":{"line":178,"column":98}},{"start":{"line":178,"column":101},"end":{"line":178,"column":110}}],"line":178},"22":{"loc":{"start":{"line":179,"column":111},"end":{"line":179,"column":151}},"type":"cond-expr","locations":[{"start":{"line":179,"column":132},"end":{"line":179,"column":139}},{"start":{"line":179,"column":142},"end":{"line":179,"column":151}}],"line":179},"23":{"loc":{"start":{"line":190,"column":9},"end":{"line":201,"column":9}},"type":"cond-expr","locations":[{"start":{"line":191,"column":10},"end":{"line":191,"column":38}},{"start":{"line":193,"column":10},"end":{"line":200,"column":12}}],"line":190},"24":{"loc":{"start":{"line":206,"column":50},"end":{"line":206,"column":71}},"type":"binary-expr","locations":[{"start":{"line":206,"column":50},"end":{"line":206,"column":65}},{"start":{"line":206,"column":69},"end":{"line":206,"column":71}}],"line":206},"25":{"loc":{"start":{"line":216,"column":8},"end":{"line":218,"column":8}},"type":"binary-expr","locations":[{"start":{"line":216,"column":8},"end":{"line":216,"column":16}},{"start":{"line":217,"column":9},"end":{"line":217,"column":71}}],"line":216}},"s":{"0":3,"1":3,"2":23,"3":23,"4":23,"5":23,"6":23,"7":23,"8":23,"9":23,"10":23,"11":10,"12":8,"13":8,"14":8,"15":8,"16":7,"17":4,"18":4,"19":4,"20":4,"21":4,"22":4,"23":4,"24":4,"25":4,"26":4,"27":4,"28":4,"29":4,"30":4,"31":4,"32":4,"33":8,"34":8,"35":2,"36":2,"37":2,"38":2,"39":2,"40":23,"41":0,"42":0,"43":0,"44":0,"45":23,"46":0,"47":0,"48":0,"49":0,"50":0,"51":0,"52":23,"53":0,"54":0,"55":23,"56":0,"57":0,"58":23,"59":23,"60":5,"61":18,"62":2,"63":0,"64":16,"65":1,"66":0,"67":16,"68":5,"69":0,"70":5,"71":1,"72":0},"f":{"0":23,"1":10,"2":8,"3":4,"4":0,"5":0,"6":0,"7":0,"8":0,"9":0,"10":0,"11":0,"12":0,"13":0,"14":1,"15":0,"16":5,"17":0,"18":5,"19":1,"20":0},"b":{"0":[8,2],"1":[10,8],"2":[4,0],"3":[4,0],"4":[4,1],"5":[4,0],"6":[0,0],"7":[19,4],"8":[4,0],"9":[0,0],"10":[0,0],"11":[0,0],"12":[23,0],"13":[5,18],"14":[2,16],"15":[1,0],"16":[16,5],"17":[16,4],"18":[5,0],"19":[16,0],"20":[16,4],"21":[3,13],"22":[0,0],"23":[12,4],"24":[16,0],"25":[16,1]},"_coverageSchema":"1a1c01bbd47fc00a2c39e90264f33305004495a9","hash":"beb4313890796774fed71434db80595d36b40963"}
,"/Users/jennyjing/Documents/ADA/Capstone/skill_swap_frontend/src/components/Navigation/Navigation.jsx": {"path":"/Users/jennyjing/Documents/ADA/Capstone/skill_swap_frontend/src/components/Navigation/Navigation.jsx","statementMap":{"0":{"start":{"line":5,"column":19},"end":{"line":49,"column":1}},"1":{"start":{"line":6,"column":34},"end":{"line":6,"column":43}},"2":{"start":{"line":8,"column":23},"end":{"line":11,"column":3}},"3":{"start":{"line":9,"column":4},"end":{"line":9,"column":13}},"4":{"start":{"line":10,"column":4},"end":{"line":10,"column":26}},"5":{"start":{"line":13,"column":2},"end":{"line":48,"column":4}},"6":{"start":{"line":22,"column":27},"end":{"line":22,"column":48}},"7":{"start":{"line":30,"column":31},"end":{"line":30,"column":52}},"8":{"start":{"line":36,"column":31},"end":{"line":36,"column":52}}},"fnMap":{"0":{"name":"(anonymous_0)","decl":{"start":{"line":5,"column":19},"end":{"line":5,"column":20}},"loc":{"start":{"line":5,"column":52},"end":{"line":49,"column":1}},"line":5},"1":{"name":"(anonymous_1)","decl":{"start":{"line":8,"column":23},"end":{"line":8,"column":24}},"loc":{"start":{"line":8,"column":29},"end":{"line":11,"column":3}},"line":8},"2":{"name":"(anonymous_2)","decl":{"start":{"line":22,"column":21},"end":{"line":22,"column":22}},"loc":{"start":{"line":22,"column":27},"end":{"line":22,"column":48}},"line":22},"3":{"name":"(anonymous_3)","decl":{"start":{"line":30,"column":25},"end":{"line":30,"column":26}},"loc":{"start":{"line":30,"column":31},"end":{"line":30,"column":52}},"line":30},"4":{"name":"(anonymous_4)","decl":{"start":{"line":36,"column":25},"end":{"line":36,"column":26}},"loc":{"start":{"line":36,"column":31},"end":{"line":36,"column":52}},"line":36}},"branchMap":{"0":{"loc":{"start":{"line":21,"column":35},"end":{"line":21,"column":76}},"type":"cond-expr","locations":[{"start":{"line":21,"column":63},"end":{"line":21,"column":71}},{"start":{"line":21,"column":74},"end":{"line":21,"column":76}}],"line":21},"1":{"loc":{"start":{"line":26,"column":11},"end":{"line":44,"column":11}},"type":"binary-expr","locations":[{"start":{"line":26,"column":11},"end":{"line":26,"column":22}},{"start":{"line":27,"column":12},"end":{"line":43,"column":15}}],"line":26},"2":{"loc":{"start":{"line":29,"column":39},"end":{"line":29,"column":80}},"type":"cond-expr","locations":[{"start":{"line":29,"column":67},"end":{"line":29,"column":75}},{"start":{"line":29,"column":78},"end":{"line":29,"column":80}}],"line":29},"3":{"loc":{"start":{"line":35,"column":39},"end":{"line":35,"column":80}},"type":"cond-expr","locations":[{"start":{"line":35,"column":67},"end":{"line":35,"column":75}},{"start":{"line":35,"column":78},"end":{"line":35,"column":80}}],"line":35}},"s":{"0":3,"1":15,"2":15,"3":0,"4":0,"5":15,"6":0,"7":4,"8":3},"f":{"0":15,"1":0,"2":0,"3":4,"4":3},"b":{"0":[8,7],"1":[15,14],"2":[4,10],"3":[3,11]},"_coverageSchema":"1a1c01bbd47fc00a2c39e90264f33305004495a9","hash":"9bfb36129eba0f217795794cef9c82811e87392b"}
,"/Users/jennyjing/Documents/ADA/Capstone/skill_swap_frontend/src/components/ProfilePage/ProfilePage.jsx": {"path":"/Users/jennyjing/Documents/ADA/Capstone/skill_swap_frontend/src/components/ProfilePage/ProfilePage.jsx","statementMap":{"0":{"start":{"line":8,"column":20},"end":{"line":387,"column":1}},"1":{"start":{"line":9,"column":46},"end":{"line":9,"column":55}},"2":{"start":{"line":10,"column":26},"end":{"line":10,"column":40}},"3":{"start":{"line":11,"column":32},"end":{"line":11,"column":46}},"4":{"start":{"line":12,"column":36},"end":{"line":12,"column":51}},"5":{"start":{"line":13,"column":38},"end":{"line":13,"column":50}},"6":{"start":{"line":14,"column":50},"end":{"line":14,"column":65}},"7":{"start":{"line":15,"column":50},"end":{"line":15,"column":62}},"8":{"start":{"line":18,"column":2},"end":{"line":47,"column":54}},"9":{"start":{"line":20,"column":4},"end":{"line":24,"column":5}},"10":{"start":{"line":21,"column":6},"end":{"line":21,"column":24}},"11":{"start":{"line":22,"column":6},"end":{"line":22,"column":24}},"12":{"start":{"line":23,"column":6},"end":{"line":23,"column":13}},"13":{"start":{"line":27,"column":4},"end":{"line":30,"column":5}},"14":{"start":{"line":28,"column":6},"end":{"line":28,"column":28}},"15":{"start":{"line":29,"column":6},"end":{"line":29,"column":13}},"16":{"start":{"line":33,"column":29},"end":{"line":44,"column":5}},"17":{"start":{"line":34,"column":6},"end":{"line":43,"column":7}},"18":{"start":{"line":35,"column":25},"end":{"line":35,"column":81}},"19":{"start":{"line":36,"column":8},"end":{"line":36,"column":31}},"20":{"start":{"line":38,"column":8},"end":{"line":38,"column":61}},"21":{"start":{"line":40,"column":8},"end":{"line":40,"column":29}},"22":{"start":{"line":42,"column":8},"end":{"line":42,"column":26}},"23":{"start":{"line":46,"column":4},"end":{"line":46,"column":23}},"24":{"start":{"line":49,"column":21},"end":{"line":65,"column":3}},"25":{"start":{"line":50,"column":4},"end":{"line":50,"column":23}},"26":{"start":{"line":52,"column":4},"end":{"line":64,"column":7}},"27":{"start":{"line":67,"column":23},"end":{"line":94,"column":3}},"28":{"start":{"line":68,"column":19},"end":{"line":68,"column":21}},"29":{"start":{"line":71,"column":4},"end":{"line":73,"column":5}},"30":{"start":{"line":72,"column":6},"end":{"line":72,"column":47}},"31":{"start":{"line":76,"column":4},"end":{"line":80,"column":5}},"32":{"start":{"line":77,"column":6},"end":{"line":77,"column":41}},"33":{"start":{"line":78,"column":11},"end":{"line":80,"column":5}},"34":{"start":{"line":79,"column":6},"end":{"line":79,"column":58}},"35":{"start":{"line":83,"column":4},"end":{"line":85,"column":5}},"36":{"start":{"line":84,"column":6},"end":{"line":84,"column":59}},"37":{"start":{"line":88,"column":4},"end":{"line":90,"column":5}},"38":{"start":{"line":89,"column":6},"end":{"line":89,"column":59}},"39":{"start":{"line":92,"column":4},"end":{"line":92,"column":32}},"40":{"start":{"line":93,"column":4},"end":{"line":93,"column":44}},"41":{"start":{"line":96,"column":21},"end":{"line":148,"column":3}},"42":{"start":{"line":98,"column":4},"end":{"line":100,"column":5}},"43":{"start":{"line":99,"column":6},"end":{"line":99,"column":13}},"44":{"start":{"line":102,"column":4},"end":{"line":147,"column":5}},"45":{"start":{"line":103,"column":20},"end":{"line":103,"column":22}},"46":{"start":{"line":105,"column":6},"end":{"line":130,"column":9}},"47":{"start":{"line":106,"column":8},"end":{"line":129,"column":9}},"48":{"start":{"line":107,"column":28},"end":{"line":107,"column":53}},"49":{"start":{"line":108,"column":10},"end":{"line":112,"column":11}},"50":{"start":{"line":109,"column":12},"end":{"line":109,"column":45}},"51":{"start":{"line":111,"column":12},"end":{"line":111,"column":36}},"52":{"start":{"line":113,"column":15},"end":{"line":129,"column":9}},"53":{"start":{"line":114,"column":28},"end":{"line":114,"column":53}},"54":{"start":{"line":115,"column":10},"end":{"line":119,"column":11}},"55":{"start":{"line":116,"column":12},"end":{"line":116,"column":46}},"56":{"start":{"line":118,"column":12},"end":{"line":118,"column":37}},"57":{"start":{"line":120,"column":15},"end":{"line":129,"column":9}},"58":{"start":{"line":121,"column":10},"end":{"line":126,"column":12}},"59":{"start":{"line":128,"column":10},"end":{"line":128,"column":45}},"60":{"start":{"line":132,"column":18},"end":{"line":132,"column":78}},"61":{"start":{"line":134,"column":6},"end":{"line":134,"column":24}},"62":{"start":{"line":135,"column":6},"end":{"line":135,"column":27}},"63":{"start":{"line":136,"column":6},"end":{"line":136,"column":26}},"64":{"start":{"line":137,"column":6},"end":{"line":137,"column":24}},"65":{"start":{"line":138,"column":6},"end":{"line":138,"column":30}},"66":{"start":{"line":139,"column":6},"end":{"line":139,"column":32}},"67":{"start":{"line":141,"column":6},"end":{"line":143,"column":15}},"68":{"start":{"line":142,"column":8},"end":{"line":142,"column":35}},"69":{"start":{"line":145,"column":6},"end":{"line":145,"column":43}},"70":{"start":{"line":146,"column":6},"end":{"line":146,"column":41}},"71":{"start":{"line":150,"column":23},"end":{"line":153,"column":3}},"72":{"start":{"line":151,"column":4},"end":{"line":151,"column":24}},"73":{"start":{"line":152,"column":4},"end":{"line":152,"column":22}},"74":{"start":{"line":156,"column":2},"end":{"line":158,"column":3}},"75":{"start":{"line":157,"column":4},"end":{"line":157,"column":90}},"76":{"start":{"line":161,"column":2},"end":{"line":164,"column":3}},"77":{"start":{"line":162,"column":20},"end":{"line":162,"column":93}},"78":{"start":{"line":163,"column":4},"end":{"line":163,"column":81}},"79":{"start":{"line":166,"column":29},"end":{"line":174,"column":3}},"80":{"start":{"line":167,"column":4},"end":{"line":169,"column":5}},"81":{"start":{"line":168,"column":6},"end":{"line":168,"column":29}},"82":{"start":{"line":170,"column":4},"end":{"line":172,"column":5}},"83":{"start":{"line":171,"column":6},"end":{"line":171,"column":28}},"84":{"start":{"line":173,"column":4},"end":{"line":173,"column":41}},"85":{"start":{"line":176,"column":2},"end":{"line":386,"column":4}},"86":{"start":{"line":220,"column":37},"end":{"line":220,"column":133}},"87":{"start":{"line":220,"column":60},"end":{"line":220,"column":131}},"88":{"start":{"line":224,"column":100},"end":{"line":224,"column":196}},"89":{"start":{"line":224,"column":123},"end":{"line":224,"column":194}},"90":{"start":{"line":230,"column":37},"end":{"line":230,"column":130}},"91":{"start":{"line":230,"column":60},"end":{"line":230,"column":128}},"92":{"start":{"line":252,"column":33},"end":{"line":252,"column":90}},"93":{"start":{"line":252,"column":56},"end":{"line":252,"column":88}},"94":{"start":{"line":270,"column":35},"end":{"line":273,"column":23}},"95":{"start":{"line":270,"column":58},"end":{"line":273,"column":21}},"96":{"start":{"line":295,"column":35},"end":{"line":298,"column":23}},"97":{"start":{"line":295,"column":58},"end":{"line":298,"column":21}},"98":{"start":{"line":318,"column":72},"end":{"line":318,"column":134}},"99":{"start":{"line":318,"column":95},"end":{"line":318,"column":132}},"100":{"start":{"line":328,"column":76},"end":{"line":328,"column":142}},"101":{"start":{"line":328,"column":99},"end":{"line":328,"column":140}},"102":{"start":{"line":338,"column":78},"end":{"line":338,"column":146}},"103":{"start":{"line":338,"column":101},"end":{"line":338,"column":144}},"104":{"start":{"line":348,"column":16},"end":{"line":348,"column":116}}},"fnMap":{"0":{"name":"(anonymous_0)","decl":{"start":{"line":8,"column":20},"end":{"line":8,"column":21}},"loc":{"start":{"line":8,"column":68},"end":{"line":387,"column":1}},"line":8},"1":{"name":"(anonymous_1)","decl":{"start":{"line":18,"column":12},"end":{"line":18,"column":13}},"loc":{"start":{"line":18,"column":18},"end":{"line":47,"column":3}},"line":18},"2":{"name":"(anonymous_2)","decl":{"start":{"line":33,"column":29},"end":{"line":33,"column":30}},"loc":{"start":{"line":33,"column":41},"end":{"line":44,"column":5}},"line":33},"3":{"name":"(anonymous_3)","decl":{"start":{"line":49,"column":21},"end":{"line":49,"column":22}},"loc":{"start":{"line":49,"column":27},"end":{"line":65,"column":3}},"line":49},"4":{"name":"(anonymous_4)","decl":{"start":{"line":67,"column":23},"end":{"line":67,"column":24}},"loc":{"start":{"line":67,"column":29},"end":{"line":94,"column":3}},"line":67},"5":{"name":"(anonymous_5)","decl":{"start":{"line":96,"column":21},"end":{"line":96,"column":22}},"loc":{"start":{"line":96,"column":33},"end":{"line":148,"column":3}},"line":96},"6":{"name":"(anonymous_6)","decl":{"start":{"line":105,"column":38},"end":{"line":105,"column":39}},"loc":{"start":{"line":105,"column":47},"end":{"line":130,"column":7}},"line":105},"7":{"name":"(anonymous_7)","decl":{"start":{"line":141,"column":17},"end":{"line":141,"column":18}},"loc":{"start":{"line":141,"column":23},"end":{"line":143,"column":7}},"line":141},"8":{"name":"(anonymous_8)","decl":{"start":{"line":150,"column":23},"end":{"line":150,"column":24}},"loc":{"start":{"line":150,"column":29},"end":{"line":153,"column":3}},"line":150},"9":{"name":"(anonymous_9)","decl":{"start":{"line":166,"column":29},"end":{"line":166,"column":30}},"loc":{"start":{"line":166,"column":35},"end":{"line":174,"column":3}},"line":166},"10":{"name":"(anonymous_10)","decl":{"start":{"line":198,"column":25},"end":{"line":198,"column":26}},"loc":{"start":{"line":198,"column":31},"end":{"line":198,"column":33}},"line":198},"11":{"name":"(anonymous_11)","decl":{"start":{"line":220,"column":32},"end":{"line":220,"column":33}},"loc":{"start":{"line":220,"column":37},"end":{"line":220,"column":133}},"line":220},"12":{"name":"(anonymous_12)","decl":{"start":{"line":220,"column":51},"end":{"line":220,"column":52}},"loc":{"start":{"line":220,"column":60},"end":{"line":220,"column":131}},"line":220},"13":{"name":"(anonymous_13)","decl":{"start":{"line":224,"column":95},"end":{"line":224,"column":96}},"loc":{"start":{"line":224,"column":100},"end":{"line":224,"column":196}},"line":224},"14":{"name":"(anonymous_14)","decl":{"start":{"line":224,"column":114},"end":{"line":224,"column":115}},"loc":{"start":{"line":224,"column":123},"end":{"line":224,"column":194}},"line":224},"15":{"name":"(anonymous_15)","decl":{"start":{"line":230,"column":32},"end":{"line":230,"column":33}},"loc":{"start":{"line":230,"column":37},"end":{"line":230,"column":130}},"line":230},"16":{"name":"(anonymous_16)","decl":{"start":{"line":230,"column":51},"end":{"line":230,"column":52}},"loc":{"start":{"line":230,"column":60},"end":{"line":230,"column":128}},"line":230},"17":{"name":"(anonymous_17)","decl":{"start":{"line":252,"column":28},"end":{"line":252,"column":29}},"loc":{"start":{"line":252,"column":33},"end":{"line":252,"column":90}},"line":252},"18":{"name":"(anonymous_18)","decl":{"start":{"line":252,"column":47},"end":{"line":252,"column":48}},"loc":{"start":{"line":252,"column":56},"end":{"line":252,"column":88}},"line":252},"19":{"name":"(anonymous_19)","decl":{"start":{"line":270,"column":30},"end":{"line":270,"column":31}},"loc":{"start":{"line":270,"column":35},"end":{"line":273,"column":23}},"line":270},"20":{"name":"(anonymous_20)","decl":{"start":{"line":270,"column":49},"end":{"line":270,"column":50}},"loc":{"start":{"line":270,"column":58},"end":{"line":273,"column":21}},"line":270},"21":{"name":"(anonymous_21)","decl":{"start":{"line":295,"column":30},"end":{"line":295,"column":31}},"loc":{"start":{"line":295,"column":35},"end":{"line":298,"column":23}},"line":295},"22":{"name":"(anonymous_22)","decl":{"start":{"line":295,"column":49},"end":{"line":295,"column":50}},"loc":{"start":{"line":295,"column":58},"end":{"line":298,"column":21}},"line":295},"23":{"name":"(anonymous_23)","decl":{"start":{"line":318,"column":67},"end":{"line":318,"column":68}},"loc":{"start":{"line":318,"column":72},"end":{"line":318,"column":134}},"line":318},"24":{"name":"(anonymous_24)","decl":{"start":{"line":318,"column":86},"end":{"line":318,"column":87}},"loc":{"start":{"line":318,"column":95},"end":{"line":318,"column":132}},"line":318},"25":{"name":"(anonymous_25)","decl":{"start":{"line":328,"column":71},"end":{"line":328,"column":72}},"loc":{"start":{"line":328,"column":76},"end":{"line":328,"column":142}},"line":328},"26":{"name":"(anonymous_26)","decl":{"start":{"line":328,"column":90},"end":{"line":328,"column":91}},"loc":{"start":{"line":328,"column":99},"end":{"line":328,"column":140}},"line":328},"27":{"name":"(anonymous_27)","decl":{"start":{"line":338,"column":73},"end":{"line":338,"column":74}},"loc":{"start":{"line":338,"column":78},"end":{"line":338,"column":146}},"line":338},"28":{"name":"(anonymous_28)","decl":{"start":{"line":338,"column":92},"end":{"line":338,"column":93}},"loc":{"start":{"line":338,"column":101},"end":{"line":338,"column":144}},"line":338},"29":{"name":"(anonymous_29)","decl":{"start":{"line":347,"column":45},"end":{"line":347,"column":46}},"loc":{"start":{"line":348,"column":16},"end":{"line":348,"column":116}},"line":348}},"branchMap":{"0":{"loc":{"start":{"line":20,"column":4},"end":{"line":24,"column":5}},"type":"if","locations":[{"start":{"line":20,"column":4},"end":{"line":24,"column":5}},{"start":{},"end":{}}],"line":20},"1":{"loc":{"start":{"line":20,"column":8},"end":{"line":20,"column":30}},"type":"binary-expr","locations":[{"start":{"line":20,"column":8},"end":{"line":20,"column":18}},{"start":{"line":20,"column":22},"end":{"line":20,"column":30}}],"line":20},"2":{"loc":{"start":{"line":27,"column":4},"end":{"line":30,"column":5}},"type":"if","locations":[{"start":{"line":27,"column":4},"end":{"line":30,"column":5}},{"start":{},"end":{}}],"line":27},"3":{"loc":{"start":{"line":54,"column":18},"end":{"line":54,"column":37}},"type":"binary-expr","locations":[{"start":{"line":54,"column":18},"end":{"line":54,"column":31}},{"start":{"line":54,"column":35},"end":{"line":54,"column":37}}],"line":54},"4":{"loc":{"start":{"line":55,"column":18},"end":{"line":55,"column":37}},"type":"binary-expr","locations":[{"start":{"line":55,"column":18},"end":{"line":55,"column":31}},{"start":{"line":55,"column":35},"end":{"line":55,"column":37}}],"line":55},"5":{"loc":{"start":{"line":56,"column":15},"end":{"line":56,"column":31}},"type":"binary-expr","locations":[{"start":{"line":56,"column":15},"end":{"line":56,"column":25}},{"start":{"line":56,"column":29},"end":{"line":56,"column":31}}],"line":56},"6":{"loc":{"start":{"line":58,"column":11},"end":{"line":58,"column":25}},"type":"binary-expr","locations":[{"start":{"line":58,"column":11},"end":{"line":58,"column":19}},{"start":{"line":58,"column":23},"end":{"line":58,"column":25}}],"line":58},"7":{"loc":{"start":{"line":59,"column":22},"end":{"line":59,"column":52}},"type":"binary-expr","locations":[{"start":{"line":59,"column":22},"end":{"line":59,"column":46}},{"start":{"line":59,"column":50},"end":{"line":59,"column":52}}],"line":59},"8":{"loc":{"start":{"line":60,"column":22},"end":{"line":60,"column":53}},"type":"binary-expr","locations":[{"start":{"line":60,"column":22},"end":{"line":60,"column":47}},{"start":{"line":60,"column":51},"end":{"line":60,"column":53}}],"line":60},"9":{"loc":{"start":{"line":61,"column":16},"end":{"line":61,"column":35}},"type":"binary-expr","locations":[{"start":{"line":61,"column":16},"end":{"line":61,"column":29}},{"start":{"line":61,"column":33},"end":{"line":61,"column":35}}],"line":61},"10":{"loc":{"start":{"line":62,"column":20},"end":{"line":62,"column":43}},"type":"binary-expr","locations":[{"start":{"line":62,"column":20},"end":{"line":62,"column":37}},{"start":{"line":62,"column":41},"end":{"line":62,"column":43}}],"line":62},"11":{"loc":{"start":{"line":63,"column":22},"end":{"line":63,"column":47}},"type":"binary-expr","locations":[{"start":{"line":63,"column":22},"end":{"line":63,"column":41}},{"start":{"line":63,"column":45},"end":{"line":63,"column":47}}],"line":63},"12":{"loc":{"start":{"line":71,"column":4},"end":{"line":73,"column":5}},"type":"if","locations":[{"start":{"line":71,"column":4},"end":{"line":73,"column":5}},{"start":{},"end":{}}],"line":71},"13":{"loc":{"start":{"line":76,"column":4},"end":{"line":80,"column":5}},"type":"if","locations":[{"start":{"line":76,"column":4},"end":{"line":80,"column":5}},{"start":{"line":78,"column":11},"end":{"line":80,"column":5}}],"line":76},"14":{"loc":{"start":{"line":78,"column":11},"end":{"line":80,"column":5}},"type":"if","locations":[{"start":{"line":78,"column":11},"end":{"line":80,"column":5}},{"start":{},"end":{}}],"line":78},"15":{"loc":{"start":{"line":83,"column":4},"end":{"line":85,"column":5}},"type":"if","locations":[{"start":{"line":83,"column":4},"end":{"line":85,"column":5}},{"start":{},"end":{}}],"line":83},"16":{"loc":{"start":{"line":88,"column":4},"end":{"line":90,"column":5}},"type":"if","locations":[{"start":{"line":88,"column":4},"end":{"line":90,"column":5}},{"start":{},"end":{}}],"line":88},"17":{"loc":{"start":{"line":98,"column":4},"end":{"line":100,"column":5}},"type":"if","locations":[{"start":{"line":98,"column":4},"end":{"line":100,"column":5}},{"start":{},"end":{}}],"line":98},"18":{"loc":{"start":{"line":106,"column":8},"end":{"line":129,"column":9}},"type":"if","locations":[{"start":{"line":106,"column":8},"end":{"line":129,"column":9}},{"start":{"line":113,"column":15},"end":{"line":129,"column":9}}],"line":106},"19":{"loc":{"start":{"line":108,"column":10},"end":{"line":112,"column":11}},"type":"if","locations":[{"start":{"line":108,"column":10},"end":{"line":112,"column":11}},{"start":{"line":110,"column":17},"end":{"line":112,"column":11}}],"line":108},"20":{"loc":{"start":{"line":113,"column":15},"end":{"line":129,"column":9}},"type":"if","locations":[{"start":{"line":113,"column":15},"end":{"line":129,"column":9}},{"start":{"line":120,"column":15},"end":{"line":129,"column":9}}],"line":113},"21":{"loc":{"start":{"line":115,"column":10},"end":{"line":119,"column":11}},"type":"if","locations":[{"start":{"line":115,"column":10},"end":{"line":119,"column":11}},{"start":{"line":117,"column":17},"end":{"line":119,"column":11}}],"line":115},"22":{"loc":{"start":{"line":120,"column":15},"end":{"line":129,"column":9}},"type":"if","locations":[{"start":{"line":120,"column":15},"end":{"line":129,"column":9}},{"start":{"line":127,"column":15},"end":{"line":129,"column":9}}],"line":120},"23":{"loc":{"start":{"line":156,"column":2},"end":{"line":158,"column":3}},"type":"if","locations":[{"start":{"line":156,"column":2},"end":{"line":158,"column":3}},{"start":{},"end":{}}],"line":156},"24":{"loc":{"start":{"line":161,"column":2},"end":{"line":164,"column":3}},"type":"if","locations":[{"start":{"line":161,"column":2},"end":{"line":164,"column":3}},{"start":{},"end":{}}],"line":161},"25":{"loc":{"start":{"line":162,"column":20},"end":{"line":162,"column":93}},"type":"cond-expr","locations":[{"start":{"line":162,"column":33},"end":{"line":162,"column":53}},{"start":{"line":162,"column":56},"end":{"line":162,"column":93}}],"line":162},"26":{"loc":{"start":{"line":167,"column":4},"end":{"line":169,"column":5}},"type":"if","locations":[{"start":{"line":167,"column":4},"end":{"line":169,"column":5}},{"start":{},"end":{}}],"line":167},"27":{"loc":{"start":{"line":170,"column":4},"end":{"line":172,"column":5}},"type":"if","locations":[{"start":{"line":170,"column":4},"end":{"line":172,"column":5}},{"start":{},"end":{}}],"line":170},"28":{"loc":{"start":{"line":184,"column":22},"end":{"line":184,"column":59}},"type":"binary-expr","locations":[{"start":{"line":184,"column":22},"end":{"line":184,"column":35}},{"start":{"line":184,"column":39},"end":{"line":184,"column":49}},{"start":{"line":184,"column":53},"end":{"line":184,"column":59}}],"line":184},"29":{"loc":{"start":{"line":190,"column":15},"end":{"line":192,"column":52}},"type":"cond-expr","locations":[{"start":{"line":191,"column":19},"end":{"line":191,"column":66}},{"start":{"line":192,"column":19},"end":{"line":192,"column":51}}],"line":190},"30":{"loc":{"start":{"line":191,"column":19},"end":{"line":191,"column":66}},"type":"binary-expr","locations":[{"start":{"line":191,"column":19},"end":{"line":191,"column":32}},{"start":{"line":191,"column":36},"end":{"line":191,"column":46}},{"start":{"line":191,"column":50},"end":{"line":191,"column":66}}],"line":191},"31":{"loc":{"start":{"line":192,"column":19},"end":{"line":192,"column":51}},"type":"binary-expr","locations":[{"start":{"line":192,"column":19},"end":{"line":192,"column":32}},{"start":{"line":192,"column":36},"end":{"line":192,"column":51}}],"line":192},"32":{"loc":{"start":{"line":195,"column":13},"end":{"line":203,"column":13}},"type":"binary-expr","locations":[{"start":{"line":195,"column":13},"end":{"line":195,"column":24}},{"start":{"line":196,"column":14},"end":{"line":202,"column":23}}],"line":195},"33":{"loc":{"start":{"line":213,"column":15},"end":{"line":241,"column":15}},"type":"cond-expr","locations":[{"start":{"line":214,"column":16},"end":{"line":234,"column":19}},{"start":{"line":236,"column":16},"end":{"line":240,"column":19}}],"line":213},"34":{"loc":{"start":{"line":218,"column":33},"end":{"line":218,"column":87}},"type":"cond-expr","locations":[{"start":{"line":218,"column":61},"end":{"line":218,"column":82}},{"start":{"line":218,"column":85},"end":{"line":218,"column":87}}],"line":218},"35":{"loc":{"start":{"line":219,"column":29},"end":{"line":219,"column":65}},"type":"binary-expr","locations":[{"start":{"line":219,"column":29},"end":{"line":219,"column":59}},{"start":{"line":219,"column":63},"end":{"line":219,"column":65}}],"line":219},"36":{"loc":{"start":{"line":222,"column":21},"end":{"line":222,"column":114}},"type":"binary-expr","locations":[{"start":{"line":222,"column":21},"end":{"line":222,"column":46}},{"start":{"line":222,"column":50},"end":{"line":222,"column":114}}],"line":222},"37":{"loc":{"start":{"line":224,"column":47},"end":{"line":224,"column":83}},"type":"binary-expr","locations":[{"start":{"line":224,"column":47},"end":{"line":224,"column":77}},{"start":{"line":224,"column":81},"end":{"line":224,"column":83}}],"line":224},"38":{"loc":{"start":{"line":228,"column":33},"end":{"line":228,"column":84}},"type":"cond-expr","locations":[{"start":{"line":228,"column":58},"end":{"line":228,"column":79}},{"start":{"line":228,"column":82},"end":{"line":228,"column":84}}],"line":228},"39":{"loc":{"start":{"line":229,"column":29},"end":{"line":229,"column":62}},"type":"binary-expr","locations":[{"start":{"line":229,"column":29},"end":{"line":229,"column":56}},{"start":{"line":229,"column":60},"end":{"line":229,"column":62}}],"line":229},"40":{"loc":{"start":{"line":232,"column":21},"end":{"line":232,"column":108}},"type":"binary-expr","locations":[{"start":{"line":232,"column":21},"end":{"line":232,"column":43}},{"start":{"line":232,"column":47},"end":{"line":232,"column":108}}],"line":232},"41":{"loc":{"start":{"line":237,"column":38},"end":{"line":237,"column":64}},"type":"binary-expr","locations":[{"start":{"line":237,"column":38},"end":{"line":237,"column":51}},{"start":{"line":237,"column":55},"end":{"line":237,"column":64}}],"line":237},"42":{"loc":{"start":{"line":238,"column":37},"end":{"line":238,"column":63}},"type":"binary-expr","locations":[{"start":{"line":238,"column":37},"end":{"line":238,"column":50}},{"start":{"line":238,"column":54},"end":{"line":238,"column":63}}],"line":238},"43":{"loc":{"start":{"line":239,"column":34},"end":{"line":239,"column":57}},"type":"binary-expr","locations":[{"start":{"line":239,"column":34},"end":{"line":239,"column":44}},{"start":{"line":239,"column":48},"end":{"line":239,"column":57}}],"line":239},"44":{"loc":{"start":{"line":249,"column":15},"end":{"line":256,"column":15}},"type":"cond-expr","locations":[{"start":{"line":250,"column":16},"end":{"line":253,"column":18}},{"start":{"line":255,"column":16},"end":{"line":255,"column":50}}],"line":249},"45":{"loc":{"start":{"line":251,"column":25},"end":{"line":251,"column":45}},"type":"binary-expr","locations":[{"start":{"line":251,"column":25},"end":{"line":251,"column":39}},{"start":{"line":251,"column":43},"end":{"line":251,"column":45}}],"line":251},"46":{"loc":{"start":{"line":255,"column":22},"end":{"line":255,"column":43}},"type":"binary-expr","locations":[{"start":{"line":255,"column":22},"end":{"line":255,"column":30}},{"start":{"line":255,"column":34},"end":{"line":255,"column":43}}],"line":255},"47":{"loc":{"start":{"line":264,"column":15},"end":{"line":282,"column":15}},"type":"cond-expr","locations":[{"start":{"line":265,"column":16},"end":{"line":277,"column":22}},{"start":{"line":279,"column":16},"end":{"line":281,"column":29}}],"line":264},"48":{"loc":{"start":{"line":268,"column":31},"end":{"line":268,"column":91}},"type":"cond-expr","locations":[{"start":{"line":268,"column":65},"end":{"line":268,"column":86}},{"start":{"line":268,"column":89},"end":{"line":268,"column":91}}],"line":268},"49":{"loc":{"start":{"line":269,"column":27},"end":{"line":269,"column":58}},"type":"binary-expr","locations":[{"start":{"line":269,"column":27},"end":{"line":269,"column":52}},{"start":{"line":269,"column":56},"end":{"line":269,"column":58}}],"line":269},"50":{"loc":{"start":{"line":276,"column":19},"end":{"line":276,"column":124}},"type":"binary-expr","locations":[{"start":{"line":276,"column":19},"end":{"line":276,"column":50}},{"start":{"line":276,"column":54},"end":{"line":276,"column":124}}],"line":276},"51":{"loc":{"start":{"line":279,"column":16},"end":{"line":281,"column":29}},"type":"cond-expr","locations":[{"start":{"line":280,"column":18},"end":{"line":280,"column":82}},{"start":{"line":281,"column":20},"end":{"line":281,"column":29}}],"line":279},"52":{"loc":{"start":{"line":289,"column":15},"end":{"line":307,"column":15}},"type":"cond-expr","locations":[{"start":{"line":290,"column":16},"end":{"line":302,"column":22}},{"start":{"line":304,"column":16},"end":{"line":306,"column":29}}],"line":289},"53":{"loc":{"start":{"line":293,"column":31},"end":{"line":293,"column":91}},"type":"cond-expr","locations":[{"start":{"line":293,"column":65},"end":{"line":293,"column":86}},{"start":{"line":293,"column":89},"end":{"line":293,"column":91}}],"line":293},"54":{"loc":{"start":{"line":294,"column":27},"end":{"line":294,"column":58}},"type":"binary-expr","locations":[{"start":{"line":294,"column":27},"end":{"line":294,"column":52}},{"start":{"line":294,"column":56},"end":{"line":294,"column":58}}],"line":294},"55":{"loc":{"start":{"line":301,"column":19},"end":{"line":301,"column":124}},"type":"binary-expr","locations":[{"start":{"line":301,"column":19},"end":{"line":301,"column":50}},{"start":{"line":301,"column":54},"end":{"line":301,"column":124}}],"line":301},"56":{"loc":{"start":{"line":304,"column":16},"end":{"line":306,"column":29}},"type":"cond-expr","locations":[{"start":{"line":305,"column":18},"end":{"line":305,"column":83}},{"start":{"line":306,"column":20},"end":{"line":306,"column":29}}],"line":304},"57":{"loc":{"start":{"line":317,"column":15},"end":{"line":321,"column":15}},"type":"cond-expr","locations":[{"start":{"line":318,"column":16},"end":{"line":318,"column":138}},{"start":{"line":320,"column":16},"end":{"line":320,"column":42}}],"line":317},"58":{"loc":{"start":{"line":318,"column":30},"end":{"line":318,"column":55}},"type":"binary-expr","locations":[{"start":{"line":318,"column":30},"end":{"line":318,"column":49}},{"start":{"line":318,"column":53},"end":{"line":318,"column":55}}],"line":318},"59":{"loc":{"start":{"line":320,"column":16},"end":{"line":320,"column":42}},"type":"binary-expr","locations":[{"start":{"line":320,"column":16},"end":{"line":320,"column":29}},{"start":{"line":320,"column":33},"end":{"line":320,"column":42}}],"line":320},"60":{"loc":{"start":{"line":327,"column":15},"end":{"line":331,"column":15}},"type":"cond-expr","locations":[{"start":{"line":328,"column":16},"end":{"line":328,"column":146}},{"start":{"line":330,"column":16},"end":{"line":330,"column":46}}],"line":327},"61":{"loc":{"start":{"line":328,"column":30},"end":{"line":328,"column":59}},"type":"binary-expr","locations":[{"start":{"line":328,"column":30},"end":{"line":328,"column":53}},{"start":{"line":328,"column":57},"end":{"line":328,"column":59}}],"line":328},"62":{"loc":{"start":{"line":330,"column":16},"end":{"line":330,"column":46}},"type":"binary-expr","locations":[{"start":{"line":330,"column":16},"end":{"line":330,"column":33}},{"start":{"line":330,"column":37},"end":{"line":330,"column":46}}],"line":330},"63":{"loc":{"start":{"line":337,"column":15},"end":{"line":341,"column":15}},"type":"cond-expr","locations":[{"start":{"line":338,"column":16},"end":{"line":338,"column":150}},{"start":{"line":340,"column":16},"end":{"line":340,"column":48}}],"line":337},"64":{"loc":{"start":{"line":338,"column":30},"end":{"line":338,"column":61}},"type":"binary-expr","locations":[{"start":{"line":338,"column":30},"end":{"line":338,"column":55}},{"start":{"line":338,"column":59},"end":{"line":338,"column":61}}],"line":338},"65":{"loc":{"start":{"line":340,"column":16},"end":{"line":340,"column":48}},"type":"binary-expr","locations":[{"start":{"line":340,"column":16},"end":{"line":340,"column":35}},{"start":{"line":340,"column":39},"end":{"line":340,"column":48}}],"line":340},"66":{"loc":{"start":{"line":348,"column":41},"end":{"line":348,"column":106}},"type":"cond-expr","locations":[{"start":{"line":348,"column":84},"end":{"line":348,"column":97}},{"start":{"line":348,"column":100},"end":{"line":348,"column":106}}],"line":348},"67":{"loc":{"start":{"line":348,"column":56},"end":{"line":348,"column":80}},"type":"binary-expr","locations":[{"start":{"line":348,"column":56},"end":{"line":348,"column":75}},{"start":{"line":348,"column":79},"end":{"line":348,"column":80}}],"line":348},"68":{"loc":{"start":{"line":356,"column":9},"end":{"line":362,"column":9}},"type":"binary-expr","locations":[{"start":{"line":356,"column":9},"end":{"line":356,"column":25}},{"start":{"line":357,"column":10},"end":{"line":361,"column":16}}],"line":356},"69":{"loc":{"start":{"line":365,"column":9},"end":{"line":371,"column":9}},"type":"binary-expr","locations":[{"start":{"line":365,"column":9},"end":{"line":365,"column":20}},{"start":{"line":365,"column":24},"end":{"line":365,"column":34}},{"start":{"line":366,"column":10},"end":{"line":370,"column":16}}],"line":365},"70":{"loc":{"start":{"line":373,"column":9},"end":{"line":382,"column":9}},"type":"binary-expr","locations":[{"start":{"line":373,"column":9},"end":{"line":373,"column":18}},{"start":{"line":374,"column":10},"end":{"line":381,"column":16}}],"line":373}},"s":{"0":3,"1":150,"2":150,"3":150,"4":150,"5":150,"6":150,"7":150,"8":150,"9":13,"10":2,"11":2,"12":2,"13":11,"14":0,"15":0,"16":11,"17":11,"18":11,"19":10,"20":5,"21":5,"22":11,"23":11,"24":150,"25":6,"26":6,"27":150,"28":6,"29":6,"30":2,"31":6,"32":2,"33":4,"34":1,"35":6,"36":2,"37":6,"38":2,"39":6,"40":6,"41":150,"42":6,"43":3,"44":3,"45":3,"46":3,"47":21,"48":3,"49":3,"50":3,"51":0,"52":18,"53":3,"54":3,"55":3,"56":0,"57":15,"58":3,"59":12,"60":3,"61":2,"62":2,"63":2,"64":2,"65":2,"66":2,"67":2,"68":0,"69":1,"70":1,"71":150,"72":0,"73":0,"74":150,"75":13,"76":137,"77":0,"78":0,"79":137,"80":137,"81":137,"82":0,"83":0,"84":0,"85":137,"86":26,"87":26,"88":0,"89":0,"90":56,"91":56,"92":0,"93":0,"94":16,"95":16,"96":12,"97":12,"98":0,"99":0,"100":0,"101":0,"102":0,"103":0,"104":685},"f":{"0":150,"1":13,"2":11,"3":6,"4":6,"5":6,"6":21,"7":0,"8":0,"9":137,"10":0,"11":26,"12":26,"13":0,"14":0,"15":56,"16":56,"17":0,"18":0,"19":16,"20":16,"21":12,"22":12,"23":0,"24":0,"25":0,"26":0,"27":0,"28":0,"29":685},"b":{"0":[2,11],"1":[13,2],"2":[0,11],"3":[6,0],"4":[6,6],"5":[6,0],"6":[6,6],"7":[6,2],"8":[6,2],"9":[6,6],"10":[6,6],"11":[6,6],"12":[2,4],"13":[2,4],"14":[1,3],"15":[2,4],"16":[2,4],"17":[3,3],"18":[3,18],"19":[3,0],"20":[3,15],"21":[3,0],"22":[3,12],"23":[13,137],"24":[0,137],"25":[0,0],"26":[137,0],"27":[0,0],"28":[137,0,0],"29":[2,135],"30":[2,0,0],"31":[135,0],"32":[137,135],"33":[122,15],"34":[2,120],"35":[122,10],"36":[122,2],"37":[122,122],"38":[3,119],"39":[122,9],"40":[122,3],"41":[15,0],"42":[15,15],"43":[15,0],"44":[122,15],"45":[122,122],"46":[15,15],"47":[122,15],"48":[2,120],"49":[122,45],"50":[122,2],"51":[10,5],"52":[122,15],"53":[2,120],"54":[122,41],"55":[122,2],"56":[10,5],"57":[122,15],"58":[122,122],"59":[15,15],"60":[122,15],"61":[122,122],"62":[15,15],"63":[122,15],"64":[122,122],"65":[15,15],"66":[5,680],"67":[685,680],"68":[137,2],"69":[137,135,13],"70":[137,122]},"_coverageSchema":"1a1c01bbd47fc00a2c39e90264f33305004495a9","hash":"59f51e7736d46a44994ce02aa27be40ed1932075"}
,"/Users/jennyjing/Documents/ADA/Capstone/skill_swap_frontend/src/context/AuthContext.jsx": {"path":"/Users/jennyjing/Documents/ADA/Capstone/skill_swap_frontend/src/context/AuthContext.jsx","statementMap":{"0":{"start":{"line":5,"column":20},"end":{"line":5,"column":35}},"1":{"start":{"line":7,"column":23},"end":{"line":13,"column":1}},"2":{"start":{"line":8,"column":18},"end":{"line":8,"column":41}},"3":{"start":{"line":9,"column":2},"end":{"line":11,"column":3}},"4":{"start":{"line":10,"column":4},"end":{"line":10,"column":67}},"5":{"start":{"line":12,"column":2},"end":{"line":12,"column":17}},"6":{"start":{"line":15,"column":28},"end":{"line":107,"column":1}},"7":{"start":{"line":16,"column":40},"end":{"line":16,"column":54}},"8":{"start":{"line":17,"column":32},"end":{"line":17,"column":46}},"9":{"start":{"line":19,"column":2},"end":{"line":26,"column":9}},"10":{"start":{"line":21,"column":22},"end":{"line":21,"column":57}},"11":{"start":{"line":22,"column":4},"end":{"line":24,"column":5}},"12":{"start":{"line":23,"column":6},"end":{"line":23,"column":44}},"13":{"start":{"line":25,"column":4},"end":{"line":25,"column":22}},"14":{"start":{"line":28,"column":16},"end":{"line":60,"column":3}},"15":{"start":{"line":29,"column":4},"end":{"line":59,"column":5}},"16":{"start":{"line":30,"column":23},"end":{"line":33,"column":8}},"17":{"start":{"line":36,"column":6},"end":{"line":52,"column":7}},"18":{"start":{"line":37,"column":25},"end":{"line":42,"column":9}},"19":{"start":{"line":43,"column":8},"end":{"line":43,"column":33}},"20":{"start":{"line":44,"column":8},"end":{"line":44,"column":70}},"21":{"start":{"line":45,"column":8},"end":{"line":45,"column":33}},"22":{"start":{"line":48,"column":11},"end":{"line":52,"column":7}},"23":{"start":{"line":49,"column":8},"end":{"line":49,"column":43}},"24":{"start":{"line":50,"column":8},"end":{"line":50,"column":80}},"25":{"start":{"line":51,"column":8},"end":{"line":51,"column":33}},"26":{"start":{"line":54,"column":6},"end":{"line":54,"column":43}},"27":{"start":{"line":55,"column":6},"end":{"line":58,"column":8}},"28":{"start":{"line":62,"column":17},"end":{"line":81,"column":3}},"29":{"start":{"line":63,"column":4},"end":{"line":80,"column":5}},"30":{"start":{"line":64,"column":23},"end":{"line":67,"column":8}},"31":{"start":{"line":69,"column":6},"end":{"line":73,"column":7}},"32":{"start":{"line":70,"column":8},"end":{"line":70,"column":43}},"33":{"start":{"line":71,"column":8},"end":{"line":71,"column":80}},"34":{"start":{"line":72,"column":8},"end":{"line":72,"column":33}},"35":{"start":{"line":75,"column":6},"end":{"line":75,"column":44}},"36":{"start":{"line":76,"column":6},"end":{"line":79,"column":8}},"37":{"start":{"line":83,"column":17},"end":{"line":86,"column":3}},"38":{"start":{"line":84,"column":4},"end":{"line":84,"column":25}},"39":{"start":{"line":85,"column":4},"end":{"line":85,"column":43}},"40":{"start":{"line":88,"column":21},"end":{"line":91,"column":3}},"41":{"start":{"line":89,"column":4},"end":{"line":89,"column":29}},"42":{"start":{"line":90,"column":4},"end":{"line":90,"column":66}},"43":{"start":{"line":93,"column":16},"end":{"line":100,"column":3}},"44":{"start":{"line":102,"column":2},"end":{"line":106,"column":4}}},"fnMap":{"0":{"name":"(anonymous_0)","decl":{"start":{"line":7,"column":23},"end":{"line":7,"column":24}},"loc":{"start":{"line":7,"column":29},"end":{"line":13,"column":1}},"line":7},"1":{"name":"(anonymous_1)","decl":{"start":{"line":15,"column":28},"end":{"line":15,"column":29}},"loc":{"start":{"line":15,"column":46},"end":{"line":107,"column":1}},"line":15},"2":{"name":"(anonymous_2)","decl":{"start":{"line":19,"column":12},"end":{"line":19,"column":13}},"loc":{"start":{"line":19,"column":18},"end":{"line":26,"column":3}},"line":19},"3":{"name":"(anonymous_3)","decl":{"start":{"line":28,"column":16},"end":{"line":28,"column":17}},"loc":{"start":{"line":28,"column":43},"end":{"line":60,"column":3}},"line":28},"4":{"name":"(anonymous_4)","decl":{"start":{"line":62,"column":17},"end":{"line":62,"column":18}},"loc":{"start":{"line":62,"column":44},"end":{"line":81,"column":3}},"line":62},"5":{"name":"(anonymous_5)","decl":{"start":{"line":83,"column":17},"end":{"line":83,"column":18}},"loc":{"start":{"line":83,"column":23},"end":{"line":86,"column":3}},"line":83},"6":{"name":"(anonymous_6)","decl":{"start":{"line":88,"column":21},"end":{"line":88,"column":22}},"loc":{"start":{"line":88,"column":35},"end":{"line":91,"column":3}},"line":88}},"branchMap":{"0":{"loc":{"start":{"line":9,"column":2},"end":{"line":11,"column":3}},"type":"if","locations":[{"start":{"line":9,"column":2},"end":{"line":11,"column":3}},{"start":{},"end":{}}],"line":9},"1":{"loc":{"start":{"line":22,"column":4},"end":{"line":24,"column":5}},"type":"if","locations":[{"start":{"line":22,"column":4},"end":{"line":24,"column":5}},{"start":{},"end":{}}],"line":22},"2":{"loc":{"start":{"line":36,"column":6},"end":{"line":52,"column":7}},"type":"if","locations":[{"start":{"line":36,"column":6},"end":{"line":52,"column":7}},{"start":{"line":48,"column":11},"end":{"line":52,"column":7}}],"line":36},"3":{"loc":{"start":{"line":48,"column":11},"end":{"line":52,"column":7}},"type":"if","locations":[{"start":{"line":48,"column":11},"end":{"line":52,"column":7}},{"start":{},"end":{}}],"line":48},"4":{"loc":{"start":{"line":57,"column":15},"end":{"line":57,"column":60}},"type":"binary-expr","locations":[{"start":{"line":57,"column":15},"end":{"line":57,"column":42}},{"start":{"line":57,"column":46},"end":{"line":57,"column":60}}],"line":57},"5":{"loc":{"start":{"line":69,"column":6},"end":{"line":73,"column":7}},"type":"if","locations":[{"start":{"line":69,"column":6},"end":{"line":73,"column":7}},{"start":{},"end":{}}],"line":69},"6":{"loc":{"start":{"line":78,"column":15},"end":{"line":78,"column":61}},"type":"binary-expr","locations":[{"start":{"line":78,"column":15},"end":{"line":78,"column":42}},{"start":{"line":78,"column":46},"end":{"line":78,"column":61}}],"line":78}},"s":{"0":3,"1":3,"2":0,"3":0,"4":0,"5":0,"6":3,"7":38,"8":38,"9":38,"10":19,"11":19,"12":0,"13":19,"14":38,"15":0,"16":0,"17":0,"18":0,"19":0,"20":0,"21":0,"22":0,"23":0,"24":0,"25":0,"26":0,"27":0,"28":38,"29":0,"30":0,"31":0,"32":0,"33":0,"34":0,"35":0,"36":0,"37":38,"38":0,"39":0,"40":38,"41":0,"42":0,"43":38,"44":38},"f":{"0":0,"1":38,"2":19,"3":0,"4":0,"5":0,"6":0},"b":{"0":[0,0],"1":[0,19],"2":[0,0],"3":[0,0],"4":[0,0],"5":[0,0],"6":[0,0]},"_coverageSchema":"1a1c01bbd47fc00a2c39e90264f33305004495a9","hash":"3b9e9d5b2b4a164486282940f263a0be7badbc84"}
}
