TN:
SF:src/App.jsx
FN:13,(anonymous_0)
FN:19,(anonymous_1)
FN:45,(anonymous_2)
FNF:3
FNH:3
FNDA:16,(anonymous_0)
FNDA:15,(anonymous_1)
FNDA:9,(anonymous_2)
DA:9,3
DA:13,3
DA:14,16
DA:15,15
DA:16,15
DA:19,15
DA:20,15
DA:22,8
DA:24,4
DA:26,3
DA:33,0
DA:37,15
DA:45,3
DA:46,9
LF:14
LH:13
BRDA:9,0,0,3
BRDA:9,0,1,0
BRDA:20,1,0,8
BRDA:20,1,1,4
BRDA:20,1,2,3
BRDA:20,1,3,0
BRF:6
BRH:4
end_of_record
TN:
SF:src/index.jsx
FNF:0
FNH:0
DA:6,0
DA:7,0
LF:2
LH:0
BRF:0
BRH:0
end_of_record
TN:
SF:src/components/AuthModal/AuthModal.jsx
FN:5,(anonymous_0)
FN:16,(anonymous_1)
FN:24,(anonymous_2)
FN:59,(anonymous_3)
FN:69,(anonymous_4)
FNF:5
FNH:1
FNDA:8,(anonymous_0)
FNDA:0,(anonymous_1)
FNDA:0,(anonymous_2)
FNDA:0,(anonymous_3)
FNDA:0,(anonymous_4)
DA:5,3
DA:6,8
DA:7,8
DA:11,8
DA:12,8
DA:14,8
DA:16,8
DA:17,0
DA:21,0
DA:24,8
DA:25,0
DA:26,0
DA:27,0
DA:30,0
DA:31,0
DA:32,0
DA:33,0
DA:38,0
DA:40,0
DA:41,0
DA:43,0
DA:46,0
DA:47,0
DA:48,0
DA:50,0
DA:53,0
DA:55,0
DA:59,8
DA:60,0
DA:61,0
DA:62,0
DA:65,8
DA:67,0
DA:69,0
LF:34
LH:10
BRDA:30,0,0,0
BRDA:30,0,1,0
BRDA:30,1,0,0
BRDA:30,1,1,0
BRDA:40,2,0,0
BRDA:40,2,1,0
BRDA:46,3,0,0
BRDA:46,3,1,0
BRDA:65,4,0,8
BRDA:65,4,1,0
BRDA:73,5,0,0
BRDA:73,5,1,0
BRDA:74,6,0,0
BRDA:74,6,1,0
BRDA:78,7,0,0
BRDA:78,7,1,0
BRDA:109,8,0,0
BRDA:109,8,1,0
BRDA:109,9,0,0
BRDA:109,9,1,0
BRDA:115,10,0,0
BRDA:115,10,1,0
BRDA:117,11,0,0
BRDA:117,11,1,0
BRF:24
BRH:1
end_of_record
TN:
SF:src/components/LandingPage/LandingPage.jsx
FN:7,(anonymous_0)
FN:11,(anonymous_1)
FN:21,(anonymous_2)
FN:107,(anonymous_3)
FNF:4
FNH:1
FNDA:8,(anonymous_0)
FNDA:0,(anonymous_1)
FNDA:0,(anonymous_2)
FNDA:0,(anonymous_3)
DA:7,3
DA:8,8
DA:9,8
DA:11,8
DA:12,0
DA:14,0
DA:17,0
DA:21,8
DA:22,0
DA:25,8
DA:107,0
LF:11
LH:6
BRDA:12,0,0,0
BRDA:12,0,1,0
BRDA:36,1,0,7
BRDA:36,1,1,1
BRF:4
BRH:2
end_of_record
TN:
SF:src/components/MatchCard/MatchCard.jsx
FN:6,(anonymous_0)
FN:7,(anonymous_1)
FN:26,(anonymous_2)
FN:40,(anonymous_3)
FN:44,(anonymous_4)
FNF:5
FNH:5
FNDA:5,(anonymous_0)
FNDA:5,(anonymous_1)
FNDA:1,(anonymous_2)
FNDA:25,(anonymous_3)
FNDA:1,(anonymous_4)
DA:6,3
DA:7,5
DA:8,5
DA:9,5
DA:11,0
DA:12,0
DA:14,0
DA:17,5
DA:26,1
DA:41,25
DA:44,1
LF:11
LH:8
BRDA:8,0,0,5
BRDA:8,0,1,0
BRDA:11,1,0,0
BRDA:11,1,1,0
BRDA:22,2,0,5
BRDA:22,2,1,0
BRDA:22,2,2,0
BRDA:26,3,0,1
BRDA:26,3,1,1
BRDA:27,4,0,5
BRDA:27,4,1,0
BRDA:27,4,2,0
BRDA:33,5,0,5
BRDA:33,5,1,0
BRDA:36,6,0,5
BRDA:36,6,1,0
BRDA:41,7,0,24
BRDA:41,7,1,1
BRDA:41,8,0,25
BRDA:41,8,1,0
BRF:20
BRH:10
end_of_record
TN:
SF:src/components/MatchSuggestionsPage/MatchingSuggestions.jsx
FN:9,(anonymous_0)
FN:24,(anonymous_1)
FN:29,(anonymous_2)
FN:45,(anonymous_3)
FN:78,(anonymous_4)
FN:79,(anonymous_5)
FN:81,(anonymous_6)
FN:92,(anonymous_7)
FN:96,(anonymous_8)
FN:100,(anonymous_9)
FN:101,(anonymous_10)
FN:104,(anonymous_11)
FN:105,(anonymous_12)
FN:120,(anonymous_13)
FN:131,(anonymous_14)
FN:133,(anonymous_15)
FN:165,(anonymous_16)
FN:169,(anonymous_17)
FN:193,(anonymous_18)
FN:197,(anonymous_19)
FN:217,(anonymous_20)
FNF:21
FNH:8
FNDA:23,(anonymous_0)
FNDA:10,(anonymous_1)
FNDA:8,(anonymous_2)
FNDA:4,(anonymous_3)
FNDA:0,(anonymous_4)
FNDA:0,(anonymous_5)
FNDA:0,(anonymous_6)
FNDA:0,(anonymous_7)
FNDA:0,(anonymous_8)
FNDA:0,(anonymous_9)
FNDA:0,(anonymous_10)
FNDA:0,(anonymous_11)
FNDA:0,(anonymous_12)
FNDA:0,(anonymous_13)
FNDA:1,(anonymous_14)
FNDA:0,(anonymous_15)
FNDA:5,(anonymous_16)
FNDA:0,(anonymous_17)
FNDA:5,(anonymous_18)
FNDA:1,(anonymous_19)
FNDA:0,(anonymous_20)
DA:7,3
DA:9,3
DA:15,23
DA:16,23
DA:17,23
DA:18,23
DA:19,23
DA:20,23
DA:21,23
DA:22,23
DA:24,23
DA:25,10
DA:26,8
DA:29,8
DA:30,8
DA:32,8
DA:33,7
DA:36,4
DA:37,4
DA:41,4
DA:42,4
DA:45,4
DA:46,4
DA:47,4
DA:48,4
DA:49,4
DA:51,4
DA:54,4
DA:55,4
DA:56,4
DA:57,4
DA:58,4
DA:60,8
DA:64,8
DA:67,2
DA:68,2
DA:69,2
DA:70,2
DA:71,2
DA:78,23
DA:79,0
DA:80,0
DA:81,0
DA:84,0
DA:88,23
DA:93,0
DA:94,0
DA:95,0
DA:96,0
DA:97,0
DA:100,23
DA:101,0
DA:104,23
DA:105,0
DA:106,0
DA:110,23
DA:112,23
DA:113,5
DA:116,18
DA:117,2
DA:120,0
DA:131,16
DA:132,1
DA:133,0
DA:151,16
DA:166,5
DA:169,0
DA:194,5
DA:197,1
DA:217,0
LF:70
LH:54
BRDA:25,0,0,8
BRDA:25,0,1,2
BRDA:25,1,0,10
BRDA:25,1,1,8
BRDA:36,2,0,4
BRDA:36,2,1,0
BRDA:45,3,0,4
BRDA:45,3,1,0
BRDA:47,4,0,4
BRDA:47,4,1,1
BRDA:48,5,0,4
BRDA:48,5,1,0
BRDA:80,6,0,0
BRDA:80,6,1,0
BRDA:88,7,0,19
BRDA:88,7,1,4
BRDA:90,8,0,4
BRDA:90,8,1,0
BRDA:93,9,0,0
BRDA:93,9,1,0
BRDA:94,10,0,0
BRDA:94,10,1,0
BRDA:106,11,0,0
BRDA:106,11,1,0
BRDA:110,12,0,23
BRDA:110,12,1,0
BRDA:112,13,0,5
BRDA:112,13,1,18
BRDA:116,14,0,2
BRDA:116,14,1,16
BRDA:140,15,0,1
BRDA:140,15,1,0
BRDA:157,16,0,16
BRDA:157,16,1,5
BRDA:163,17,0,16
BRDA:163,17,1,4
BRDA:168,18,0,5
BRDA:168,18,1,0
BRDA:177,19,0,16
BRDA:177,19,1,0
BRDA:177,20,0,16
BRDA:177,20,1,4
BRDA:178,21,0,3
BRDA:178,21,1,13
BRDA:179,22,0,0
BRDA:179,22,1,0
BRDA:190,23,0,12
BRDA:190,23,1,4
BRDA:206,24,0,16
BRDA:206,24,1,0
BRDA:216,25,0,16
BRDA:216,25,1,1
BRF:52
BRH:33
end_of_record
TN:
SF:src/components/Navigation/Navigation.jsx
FN:5,(anonymous_0)
FN:8,(anonymous_1)
FN:22,(anonymous_2)
FN:30,(anonymous_3)
FN:36,(anonymous_4)
FNF:5
FNH:3
FNDA:15,(anonymous_0)
FNDA:0,(anonymous_1)
FNDA:0,(anonymous_2)
FNDA:4,(anonymous_3)
FNDA:3,(anonymous_4)
DA:5,3
DA:6,15
DA:8,15
DA:9,0
DA:10,0
DA:13,15
DA:22,0
DA:30,4
DA:36,3
LF:9
LH:6
BRDA:21,0,0,8
BRDA:21,0,1,7
BRDA:26,1,0,15
BRDA:26,1,1,14
BRDA:29,2,0,4
BRDA:29,2,1,10
BRDA:35,3,0,3
BRDA:35,3,1,11
BRF:8
BRH:8
end_of_record
TN:
SF:src/components/ProfilePage/ProfilePage.jsx
FN:8,(anonymous_0)
FN:18,(anonymous_1)
FN:33,(anonymous_2)
FN:49,(anonymous_3)
FN:67,(anonymous_4)
FN:96,(anonymous_5)
FN:105,(anonymous_6)
FN:141,(anonymous_7)
FN:150,(anonymous_8)
FN:166,(anonymous_9)
FN:198,(anonymous_10)
FN:220,(anonymous_11)
FN:220,(anonymous_12)
FN:224,(anonymous_13)
FN:224,(anonymous_14)
FN:230,(anonymous_15)
FN:230,(anonymous_16)
FN:252,(anonymous_17)
FN:252,(anonymous_18)
FN:270,(anonymous_19)
FN:270,(anonymous_20)
FN:295,(anonymous_21)
FN:295,(anonymous_22)
FN:318,(anonymous_23)
FN:318,(anonymous_24)
FN:328,(anonymous_25)
FN:328,(anonymous_26)
FN:338,(anonymous_27)
FN:338,(anonymous_28)
FN:347,(anonymous_29)
FNF:30
FNH:17
FNDA:150,(anonymous_0)
FNDA:13,(anonymous_1)
FNDA:11,(anonymous_2)
FNDA:6,(anonymous_3)
FNDA:6,(anonymous_4)
FNDA:6,(anonymous_5)
FNDA:21,(anonymous_6)
FNDA:0,(anonymous_7)
FNDA:0,(anonymous_8)
FNDA:137,(anonymous_9)
FNDA:0,(anonymous_10)
FNDA:26,(anonymous_11)
FNDA:26,(anonymous_12)
FNDA:0,(anonymous_13)
FNDA:0,(anonymous_14)
FNDA:56,(anonymous_15)
FNDA:56,(anonymous_16)
FNDA:0,(anonymous_17)
FNDA:0,(anonymous_18)
FNDA:16,(anonymous_19)
FNDA:16,(anonymous_20)
FNDA:12,(anonymous_21)
FNDA:12,(anonymous_22)
FNDA:0,(anonymous_23)
FNDA:0,(anonymous_24)
FNDA:0,(anonymous_25)
FNDA:0,(anonymous_26)
FNDA:0,(anonymous_27)
FNDA:0,(anonymous_28)
FNDA:685,(anonymous_29)
DA:8,3
DA:9,150
DA:10,150
DA:11,150
DA:12,150
DA:13,150
DA:14,150
DA:15,150
DA:18,150
DA:20,13
DA:21,2
DA:22,2
DA:23,2
DA:27,11
DA:28,0
DA:29,0
DA:33,11
DA:34,11
DA:35,11
DA:36,10
DA:38,5
DA:40,5
DA:42,11
DA:46,11
DA:49,150
DA:50,6
DA:52,6
DA:67,150
DA:68,6
DA:71,6
DA:72,2
DA:76,6
DA:77,2
DA:78,4
DA:79,1
DA:83,6
DA:84,2
DA:88,6
DA:89,2
DA:92,6
DA:93,6
DA:96,150
DA:98,6
DA:99,3
DA:102,3
DA:103,3
DA:105,3
DA:106,21
DA:107,3
DA:108,3
DA:109,3
DA:111,0
DA:113,18
DA:114,3
DA:115,3
DA:116,3
DA:118,0
DA:120,15
DA:121,3
DA:128,12
DA:132,3
DA:134,2
DA:135,2
DA:136,2
DA:137,2
DA:138,2
DA:139,2
DA:141,2
DA:142,0
DA:145,1
DA:146,1
DA:150,150
DA:151,0
DA:152,0
DA:156,150
DA:157,13
DA:161,137
DA:162,0
DA:163,0
DA:166,137
DA:167,137
DA:168,137
DA:170,0
DA:171,0
DA:173,0
DA:176,137
DA:220,26
DA:224,0
DA:230,56
DA:252,0
DA:270,16
DA:295,12
DA:318,0
DA:328,0
DA:338,0
DA:348,685
LF:96
LH:79
BRDA:20,0,0,2
BRDA:20,0,1,11
BRDA:20,1,0,13
BRDA:20,1,1,2
BRDA:27,2,0,0
BRDA:27,2,1,11
BRDA:54,3,0,6
BRDA:54,3,1,0
BRDA:55,4,0,6
BRDA:55,4,1,6
BRDA:56,5,0,6
BRDA:56,5,1,0
BRDA:58,6,0,6
BRDA:58,6,1,6
BRDA:59,7,0,6
BRDA:59,7,1,2
BRDA:60,8,0,6
BRDA:60,8,1,2
BRDA:61,9,0,6
BRDA:61,9,1,6
BRDA:62,10,0,6
BRDA:62,10,1,6
BRDA:63,11,0,6
BRDA:63,11,1,6
BRDA:71,12,0,2
BRDA:71,12,1,4
BRDA:76,13,0,2
BRDA:76,13,1,4
BRDA:78,14,0,1
BRDA:78,14,1,3
BRDA:83,15,0,2
BRDA:83,15,1,4
BRDA:88,16,0,2
BRDA:88,16,1,4
BRDA:98,17,0,3
BRDA:98,17,1,3
BRDA:106,18,0,3
BRDA:106,18,1,18
BRDA:108,19,0,3
BRDA:108,19,1,0
BRDA:113,20,0,3
BRDA:113,20,1,15
BRDA:115,21,0,3
BRDA:115,21,1,0
BRDA:120,22,0,3
BRDA:120,22,1,12
BRDA:156,23,0,13
BRDA:156,23,1,137
BRDA:161,24,0,0
BRDA:161,24,1,137
BRDA:162,25,0,0
BRDA:162,25,1,0
BRDA:167,26,0,137
BRDA:167,26,1,0
BRDA:170,27,0,0
BRDA:170,27,1,0
BRDA:184,28,0,137
BRDA:184,28,1,0
BRDA:184,28,2,0
BRDA:190,29,0,2
BRDA:190,29,1,135
BRDA:191,30,0,2
BRDA:191,30,1,0
BRDA:191,30,2,0
BRDA:192,31,0,135
BRDA:192,31,1,0
BRDA:195,32,0,137
BRDA:195,32,1,135
BRDA:213,33,0,122
BRDA:213,33,1,15
BRDA:218,34,0,2
BRDA:218,34,1,120
BRDA:219,35,0,122
BRDA:219,35,1,10
BRDA:222,36,0,122
BRDA:222,36,1,2
BRDA:224,37,0,122
BRDA:224,37,1,122
BRDA:228,38,0,3
BRDA:228,38,1,119
BRDA:229,39,0,122
BRDA:229,39,1,9
BRDA:232,40,0,122
BRDA:232,40,1,3
BRDA:237,41,0,15
BRDA:237,41,1,0
BRDA:238,42,0,15
BRDA:238,42,1,15
BRDA:239,43,0,15
BRDA:239,43,1,0
BRDA:249,44,0,122
BRDA:249,44,1,15
BRDA:251,45,0,122
BRDA:251,45,1,122
BRDA:255,46,0,15
BRDA:255,46,1,15
BRDA:264,47,0,122
BRDA:264,47,1,15
BRDA:268,48,0,2
BRDA:268,48,1,120
BRDA:269,49,0,122
BRDA:269,49,1,45
BRDA:276,50,0,122
BRDA:276,50,1,2
BRDA:279,51,0,10
BRDA:279,51,1,5
BRDA:289,52,0,122
BRDA:289,52,1,15
BRDA:293,53,0,2
BRDA:293,53,1,120
BRDA:294,54,0,122
BRDA:294,54,1,41
BRDA:301,55,0,122
BRDA:301,55,1,2
BRDA:304,56,0,10
BRDA:304,56,1,5
BRDA:317,57,0,122
BRDA:317,57,1,15
BRDA:318,58,0,122
BRDA:318,58,1,122
BRDA:320,59,0,15
BRDA:320,59,1,15
BRDA:327,60,0,122
BRDA:327,60,1,15
BRDA:328,61,0,122
BRDA:328,61,1,122
BRDA:330,62,0,15
BRDA:330,62,1,15
BRDA:337,63,0,122
BRDA:337,63,1,15
BRDA:338,64,0,122
BRDA:338,64,1,122
BRDA:340,65,0,15
BRDA:340,65,1,15
BRDA:348,66,0,5
BRDA:348,66,1,680
BRDA:348,67,0,685
BRDA:348,67,1,680
BRDA:356,68,0,137
BRDA:356,68,1,2
BRDA:365,69,0,137
BRDA:365,69,1,135
BRDA:365,69,2,13
BRDA:373,70,0,137
BRDA:373,70,1,122
BRF:145
BRH:127
end_of_record
TN:
SF:src/context/AuthContext.jsx
FN:7,(anonymous_0)
FN:15,(anonymous_1)
FN:19,(anonymous_2)
FN:28,(anonymous_3)
FN:62,(anonymous_4)
FN:83,(anonymous_5)
FN:88,(anonymous_6)
FNF:7
FNH:2
FNDA:0,(anonymous_0)
FNDA:38,(anonymous_1)
FNDA:19,(anonymous_2)
FNDA:0,(anonymous_3)
FNDA:0,(anonymous_4)
FNDA:0,(anonymous_5)
FNDA:0,(anonymous_6)
DA:5,3
DA:7,3
DA:8,0
DA:9,0
DA:10,0
DA:12,0
DA:15,3
DA:16,38
DA:17,38
DA:19,38
DA:21,19
DA:22,19
DA:23,0
DA:25,19
DA:28,38
DA:29,0
DA:30,0
DA:36,0
DA:37,0
DA:43,0
DA:44,0
DA:45,0
DA:48,0
DA:49,0
DA:50,0
DA:51,0
DA:54,0
DA:55,0
DA:62,38
DA:63,0
DA:64,0
DA:69,0
DA:70,0
DA:71,0
DA:72,0
DA:75,0
DA:76,0
DA:83,38
DA:84,0
DA:85,0
DA:88,38
DA:89,0
DA:90,0
DA:93,38
DA:102,38
LF:45
LH:15
BRDA:9,0,0,0
BRDA:9,0,1,0
BRDA:22,1,0,0
BRDA:22,1,1,19
BRDA:36,2,0,0
BRDA:36,2,1,0
BRDA:48,3,0,0
BRDA:48,3,1,0
BRDA:57,4,0,0
BRDA:57,4,1,0
BRDA:69,5,0,0
BRDA:69,5,1,0
BRDA:78,6,0,0
BRDA:78,6,1,0
BRF:14
BRH:1
end_of_record
